{"C:\\Users\\duart\\OneDrive\\Documentos\\MOVASSE\\Movase-Backend\\src\\responses.js": {"path":"C:\\Users\\duart\\OneDrive\\Documentos\\MOVASSE\\Movase-Backend\\src\\responses.js","statementMap":{"0":{"start":{"line":1,"column":16},"end":{"line":47,"column":3}},"1":{"start":{"line":3,"column":6},"end":{"line":7,"column":8}},"2":{"start":{"line":10,"column":6},"end":{"line":14,"column":8}},"3":{"start":{"line":17,"column":6},"end":{"line":20,"column":8}},"4":{"start":{"line":23,"column":6},"end":{"line":26,"column":8}},"5":{"start":{"line":29,"column":6},"end":{"line":32,"column":8}},"6":{"start":{"line":35,"column":6},"end":{"line":38,"column":8}},"7":{"start":{"line":41,"column":6},"end":{"line":45,"column":8}}},"fnMap":{"0":{"name":"(anonymous_0)","decl":{"start":{"line":2,"column":13},"end":{"line":2,"column":14}},"loc":{"start":{"line":2,"column":40},"end":{"line":8,"column":5}},"line":2},"1":{"name":"(anonymous_1)","decl":{"start":{"line":9,"column":13},"end":{"line":9,"column":14}},"loc":{"start":{"line":9,"column":40},"end":{"line":15,"column":5}},"line":9},"2":{"name":"(anonymous_2)","decl":{"start":{"line":16,"column":16},"end":{"line":16,"column":17}},"loc":{"start":{"line":16,"column":34},"end":{"line":21,"column":5}},"line":16},"3":{"name":"(anonymous_3)","decl":{"start":{"line":22,"column":18},"end":{"line":22,"column":19}},"loc":{"start":{"line":22,"column":36},"end":{"line":27,"column":5}},"line":22},"4":{"name":"(anonymous_4)","decl":{"start":{"line":28,"column":14},"end":{"line":28,"column":15}},"loc":{"start":{"line":28,"column":32},"end":{"line":33,"column":5}},"line":28},"5":{"name":"(anonymous_5)","decl":{"start":{"line":34,"column":19},"end":{"line":34,"column":20}},"loc":{"start":{"line":34,"column":37},"end":{"line":39,"column":5}},"line":34},"6":{"name":"(anonymous_6)","decl":{"start":{"line":40,"column":25},"end":{"line":40,"column":26}},"loc":{"start":{"line":40,"column":50},"end":{"line":46,"column":5}},"line":40}},"branchMap":{},"s":{"0":0,"1":0,"2":0,"3":0,"4":0,"5":0,"6":0,"7":0},"f":{"0":0,"1":0,"2":0,"3":0,"4":0,"5":0,"6":0},"b":{},"inputSourceMap":null}
,"C:\\Users\\duart\\OneDrive\\Documentos\\MOVASSE\\Movase-Backend\\src\\server.js": {"path":"C:\\Users\\duart\\OneDrive\\Documentos\\MOVASSE\\Movase-Backend\\src\\server.js","statementMap":{"0":{"start":{"line":8,"column":0},"end":{"line":8,"column":16}},"1":{"start":{"line":10,"column":13},"end":{"line":10,"column":37}},"2":{"start":{"line":20,"column":2},"end":{"line":53,"column":3}},"3":{"start":{"line":21,"column":4},"end":{"line":21,"column":44}},"4":{"start":{"line":24,"column":4},"end":{"line":24,"column":63}},"5":{"start":{"line":25,"column":4},"end":{"line":25,"column":36}},"6":{"start":{"line":26,"column":4},"end":{"line":26,"column":67}},"7":{"start":{"line":29,"column":4},"end":{"line":29,"column":47}},"8":{"start":{"line":30,"column":4},"end":{"line":30,"column":23}},"9":{"start":{"line":31,"column":4},"end":{"line":31,"column":56}},"10":{"start":{"line":34,"column":4},"end":{"line":40,"column":5}},"11":{"start":{"line":35,"column":6},"end":{"line":35,"column":38}},"12":{"start":{"line":36,"column":6},"end":{"line":36,"column":65}},"13":{"start":{"line":38,"column":6},"end":{"line":38,"column":84}},"14":{"start":{"line":39,"column":6},"end":{"line":39,"column":101}},"15":{"start":{"line":43,"column":4},"end":{"line":48,"column":7}},"16":{"start":{"line":44,"column":6},"end":{"line":44,"column":58}},"17":{"start":{"line":45,"column":6},"end":{"line":45,"column":75}},"18":{"start":{"line":46,"column":6},"end":{"line":46,"column":71}},"19":{"start":{"line":47,"column":6},"end":{"line":47,"column":56}},"20":{"start":{"line":51,"column":4},"end":{"line":51,"column":56}},"21":{"start":{"line":52,"column":4},"end":{"line":52,"column":20}},"22":{"start":{"line":57,"column":0},"end":{"line":60,"column":3}},"23":{"start":{"line":58,"column":2},"end":{"line":58,"column":46}},"24":{"start":{"line":59,"column":2},"end":{"line":59,"column":18}},"25":{"start":{"line":62,"column":0},"end":{"line":65,"column":3}},"26":{"start":{"line":63,"column":2},"end":{"line":63,"column":51}},"27":{"start":{"line":64,"column":2},"end":{"line":64,"column":18}},"28":{"start":{"line":68,"column":0},"end":{"line":68,"column":14}}},"fnMap":{"0":{"name":"startServer","decl":{"start":{"line":19,"column":15},"end":{"line":19,"column":26}},"loc":{"start":{"line":19,"column":29},"end":{"line":54,"column":1}},"line":19},"1":{"name":"(anonymous_1)","decl":{"start":{"line":43,"column":21},"end":{"line":43,"column":22}},"loc":{"start":{"line":43,"column":27},"end":{"line":48,"column":5}},"line":43},"2":{"name":"(anonymous_2)","decl":{"start":{"line":57,"column":33},"end":{"line":57,"column":34}},"loc":{"start":{"line":57,"column":44},"end":{"line":60,"column":1}},"line":57},"3":{"name":"(anonymous_3)","decl":{"start":{"line":62,"column":32},"end":{"line":62,"column":33}},"loc":{"start":{"line":62,"column":43},"end":{"line":65,"column":1}},"line":62}},"branchMap":{"0":{"loc":{"start":{"line":10,"column":13},"end":{"line":10,"column":37}},"type":"binary-expr","locations":[{"start":{"line":10,"column":13},"end":{"line":10,"column":29}},{"start":{"line":10,"column":33},"end":{"line":10,"column":37}}],"line":10},"1":{"loc":{"start":{"line":45,"column":34},"end":{"line":45,"column":71}},"type":"binary-expr","locations":[{"start":{"line":45,"column":34},"end":{"line":45,"column":54}},{"start":{"line":45,"column":58},"end":{"line":45,"column":71}}],"line":45},"2":{"loc":{"start":{"line":46,"column":33},"end":{"line":46,"column":67}},"type":"binary-expr","locations":[{"start":{"line":46,"column":33},"end":{"line":46,"column":52}},{"start":{"line":46,"column":56},"end":{"line":46,"column":67}}],"line":46}},"s":{"0":0,"1":0,"2":0,"3":0,"4":0,"5":0,"6":0,"7":0,"8":0,"9":0,"10":0,"11":0,"12":0,"13":0,"14":0,"15":0,"16":0,"17":0,"18":0,"19":0,"20":0,"21":0,"22":0,"23":0,"24":0,"25":0,"26":0,"27":0,"28":0},"f":{"0":0,"1":0,"2":0,"3":0},"b":{"0":[0,0],"1":[0,0],"2":[0,0]},"inputSourceMap":null}
,"C:\\Users\\duart\\OneDrive\\Documentos\\MOVASSE\\Movase-Backend\\src\\config\\app.js": {"path":"C:\\Users\\duart\\OneDrive\\Documentos\\MOVASSE\\Movase-Backend\\src\\config\\app.js","statementMap":{"0":{"start":{"line":11,"column":0},"end":{"line":11,"column":16}},"1":{"start":{"line":13,"column":15},"end":{"line":115,"column":1}}},"fnMap":{},"branchMap":{"0":{"loc":{"start":{"line":16,"column":10},"end":{"line":16,"column":34}},"type":"binary-expr","locations":[{"start":{"line":16,"column":10},"end":{"line":16,"column":26}},{"start":{"line":16,"column":30},"end":{"line":16,"column":34}}],"line":16},"1":{"loc":{"start":{"line":17,"column":10},"end":{"line":17,"column":41}},"type":"binary-expr","locations":[{"start":{"line":17,"column":10},"end":{"line":17,"column":26}},{"start":{"line":17,"column":30},"end":{"line":17,"column":41}}],"line":17},"2":{"loc":{"start":{"line":18,"column":17},"end":{"line":18,"column":54}},"type":"binary-expr","locations":[{"start":{"line":18,"column":17},"end":{"line":18,"column":37}},{"start":{"line":18,"column":41},"end":{"line":18,"column":54}}],"line":18},"3":{"loc":{"start":{"line":26,"column":10},"end":{"line":26,"column":44}},"type":"binary-expr","locations":[{"start":{"line":26,"column":10},"end":{"line":26,"column":29}},{"start":{"line":26,"column":33},"end":{"line":26,"column":44}}],"line":26},"4":{"loc":{"start":{"line":27,"column":10},"end":{"line":27,"column":37}},"type":"binary-expr","locations":[{"start":{"line":27,"column":10},"end":{"line":27,"column":29}},{"start":{"line":27,"column":33},"end":{"line":27,"column":37}}],"line":27},"5":{"loc":{"start":{"line":28,"column":10},"end":{"line":28,"column":41}},"type":"binary-expr","locations":[{"start":{"line":28,"column":10},"end":{"line":28,"column":29}},{"start":{"line":28,"column":33},"end":{"line":28,"column":41}}],"line":28},"6":{"loc":{"start":{"line":29,"column":10},"end":{"line":29,"column":43}},"type":"binary-expr","locations":[{"start":{"line":29,"column":10},"end":{"line":29,"column":29}},{"start":{"line":29,"column":33},"end":{"line":29,"column":43}}],"line":29},"7":{"loc":{"start":{"line":30,"column":14},"end":{"line":30,"column":43}},"type":"binary-expr","locations":[{"start":{"line":30,"column":14},"end":{"line":30,"column":33}},{"start":{"line":30,"column":37},"end":{"line":30,"column":43}}],"line":30},"8":{"loc":{"start":{"line":34,"column":11},"end":{"line":34,"column":50}},"type":"binary-expr","locations":[{"start":{"line":34,"column":11},"end":{"line":34,"column":44}},{"start":{"line":34,"column":48},"end":{"line":34,"column":50}}],"line":34},"9":{"loc":{"start":{"line":35,"column":11},"end":{"line":35,"column":49}},"type":"binary-expr","locations":[{"start":{"line":35,"column":11},"end":{"line":35,"column":44}},{"start":{"line":35,"column":48},"end":{"line":35,"column":49}}],"line":35},"10":{"loc":{"start":{"line":36,"column":15},"end":{"line":36,"column":61}},"type":"binary-expr","locations":[{"start":{"line":36,"column":15},"end":{"line":36,"column":52}},{"start":{"line":36,"column":56},"end":{"line":36,"column":61}}],"line":36},"11":{"loc":{"start":{"line":37,"column":12},"end":{"line":37,"column":55}},"type":"binary-expr","locations":[{"start":{"line":37,"column":12},"end":{"line":37,"column":46}},{"start":{"line":37,"column":50},"end":{"line":37,"column":55}}],"line":37},"12":{"loc":{"start":{"line":43,"column":15},"end":{"line":43,"column":81}},"type":"binary-expr","locations":[{"start":{"line":43,"column":15},"end":{"line":43,"column":37}},{"start":{"line":43,"column":41},"end":{"line":43,"column":81}}],"line":43},"13":{"loc":{"start":{"line":44,"column":18},"end":{"line":44,"column":52}},"type":"binary-expr","locations":[{"start":{"line":44,"column":18},"end":{"line":44,"column":44}},{"start":{"line":44,"column":48},"end":{"line":44,"column":52}}],"line":44},"14":{"loc":{"start":{"line":45,"column":18},"end":{"line":45,"column":59}},"type":"binary-expr","locations":[{"start":{"line":45,"column":18},"end":{"line":45,"column":53}},{"start":{"line":45,"column":57},"end":{"line":45,"column":59}}],"line":45},"15":{"loc":{"start":{"line":46,"column":23},"end":{"line":46,"column":69}},"type":"binary-expr","locations":[{"start":{"line":46,"column":23},"end":{"line":46,"column":64}},{"start":{"line":46,"column":68},"end":{"line":46,"column":69}}],"line":46},"16":{"loc":{"start":{"line":51,"column":20},"end":{"line":53,"column":56}},"type":"cond-expr","locations":[{"start":{"line":52,"column":6},"end":{"line":52,"column":44}},{"start":{"line":53,"column":6},"end":{"line":53,"column":56}}],"line":51},"17":{"loc":{"start":{"line":59,"column":14},"end":{"line":59,"column":74}},"type":"binary-expr","locations":[{"start":{"line":59,"column":14},"end":{"line":59,"column":56}},{"start":{"line":59,"column":60},"end":{"line":59,"column":74}}],"line":59},"18":{"loc":{"start":{"line":60,"column":9},"end":{"line":60,"column":52}},"type":"binary-expr","locations":[{"start":{"line":60,"column":9},"end":{"line":60,"column":45}},{"start":{"line":60,"column":49},"end":{"line":60,"column":52}}],"line":60},"19":{"loc":{"start":{"line":66,"column":17},"end":{"line":66,"column":71}},"type":"binary-expr","locations":[{"start":{"line":66,"column":17},"end":{"line":66,"column":52}},{"start":{"line":66,"column":56},"end":{"line":66,"column":71}}],"line":66},"20":{"loc":{"start":{"line":74,"column":16},"end":{"line":74,"column":54}},"type":"binary-expr","locations":[{"start":{"line":74,"column":16},"end":{"line":74,"column":39}},{"start":{"line":74,"column":43},"end":{"line":74,"column":54}}],"line":74},"21":{"loc":{"start":{"line":80,"column":10},"end":{"line":80,"column":49}},"type":"binary-expr","locations":[{"start":{"line":80,"column":10},"end":{"line":80,"column":42}},{"start":{"line":80,"column":46},"end":{"line":80,"column":49}}],"line":80},"22":{"loc":{"start":{"line":84,"column":10},"end":{"line":84,"column":56}},"type":"binary-expr","locations":[{"start":{"line":84,"column":10},"end":{"line":84,"column":32}},{"start":{"line":84,"column":36},"end":{"line":84,"column":56}}],"line":84},"23":{"loc":{"start":{"line":89,"column":18},"end":{"line":89,"column":64}},"type":"binary-expr","locations":[{"start":{"line":89,"column":18},"end":{"line":89,"column":58}},{"start":{"line":89,"column":62},"end":{"line":89,"column":64}}],"line":89},"24":{"loc":{"start":{"line":90,"column":14},"end":{"line":90,"column":57}},"type":"binary-expr","locations":[{"start":{"line":90,"column":14},"end":{"line":90,"column":50}},{"start":{"line":90,"column":54},"end":{"line":90,"column":57}}],"line":90},"25":{"loc":{"start":{"line":95,"column":11},"end":{"line":95,"column":42}},"type":"binary-expr","locations":[{"start":{"line":95,"column":11},"end":{"line":95,"column":32}},{"start":{"line":95,"column":36},"end":{"line":95,"column":42}}],"line":95},"26":{"loc":{"start":{"line":96,"column":10},"end":{"line":96,"column":50}},"type":"binary-expr","locations":[{"start":{"line":96,"column":10},"end":{"line":96,"column":30}},{"start":{"line":96,"column":34},"end":{"line":96,"column":50}}],"line":96},"27":{"loc":{"start":{"line":97,"column":13},"end":{"line":97,"column":46}},"type":"binary-expr","locations":[{"start":{"line":97,"column":13},"end":{"line":97,"column":37}},{"start":{"line":97,"column":41},"end":{"line":97,"column":46}}],"line":97},"28":{"loc":{"start":{"line":98,"column":14},"end":{"line":98,"column":54}},"type":"binary-expr","locations":[{"start":{"line":98,"column":14},"end":{"line":98,"column":49}},{"start":{"line":98,"column":53},"end":{"line":98,"column":54}}],"line":98},"29":{"loc":{"start":{"line":103,"column":9},"end":{"line":103,"column":47}},"type":"binary-expr","locations":[{"start":{"line":103,"column":9},"end":{"line":103,"column":40}},{"start":{"line":103,"column":44},"end":{"line":103,"column":47}}],"line":103},"30":{"loc":{"start":{"line":104,"column":17},"end":{"line":104,"column":64}},"type":"binary-expr","locations":[{"start":{"line":104,"column":17},"end":{"line":104,"column":57}},{"start":{"line":104,"column":61},"end":{"line":104,"column":64}}],"line":104},"31":{"loc":{"start":{"line":109,"column":18},"end":{"line":109,"column":59}},"type":"binary-expr","locations":[{"start":{"line":109,"column":18},"end":{"line":109,"column":53}},{"start":{"line":109,"column":57},"end":{"line":109,"column":59}}],"line":109},"32":{"loc":{"start":{"line":110,"column":19},"end":{"line":110,"column":72}},"type":"binary-expr","locations":[{"start":{"line":110,"column":19},"end":{"line":110,"column":45}},{"start":{"line":110,"column":49},"end":{"line":110,"column":72}}],"line":110},"33":{"loc":{"start":{"line":111,"column":18},"end":{"line":111,"column":69}},"type":"binary-expr","locations":[{"start":{"line":111,"column":18},"end":{"line":111,"column":43}},{"start":{"line":111,"column":47},"end":{"line":111,"column":69}}],"line":111}},"s":{"0":0,"1":0},"f":{},"b":{"0":[0,0],"1":[0,0],"2":[0,0],"3":[0,0],"4":[0,0],"5":[0,0],"6":[0,0],"7":[0,0],"8":[0,0],"9":[0,0],"10":[0,0],"11":[0,0],"12":[0,0],"13":[0,0],"14":[0,0],"15":[0,0],"16":[0,0],"17":[0,0],"18":[0,0],"19":[0,0],"20":[0,0],"21":[0,0],"22":[0,0],"23":[0,0],"24":[0,0],"25":[0,0],"26":[0,0],"27":[0,0],"28":[0,0],"29":[0,0],"30":[0,0],"31":[0,0],"32":[0,0],"33":[0,0]},"inputSourceMap":null}
,"C:\\Users\\duart\\OneDrive\\Documentos\\MOVASSE\\Movase-Backend\\src\\config\\swagger.js": {"path":"C:\\Users\\duart\\OneDrive\\Documentos\\MOVASSE\\Movase-Backend\\src\\config\\swagger.js","statementMap":{"0":{"start":{"line":10,"column":16},"end":{"line":342,"column":1}},"1":{"start":{"line":344,"column":14},"end":{"line":344,"column":35}}},"fnMap":{},"branchMap":{},"s":{"0":0,"1":0},"f":{},"b":{},"inputSourceMap":null}
,"C:\\Users\\duart\\OneDrive\\Documentos\\MOVASSE\\Movase-Backend\\src\\controllers\\AddressController.js": {"path":"C:\\Users\\duart\\OneDrive\\Documentos\\MOVASSE\\Movase-Backend\\src\\controllers\\AddressController.js","statementMap":{"0":{"start":{"line":15,"column":4},"end":{"line":15,"column":49}},"1":{"start":{"line":16,"column":4},"end":{"line":16,"column":45}},"2":{"start":{"line":17,"column":4},"end":{"line":17,"column":39}},"3":{"start":{"line":24,"column":4},"end":{"line":36,"column":5}},"4":{"start":{"line":25,"column":21},"end":{"line":25,"column":32}},"5":{"start":{"line":27,"column":24},"end":{"line":30,"column":8}},"6":{"start":{"line":32,"column":6},"end":{"line":32,"column":53}},"7":{"start":{"line":35,"column":6},"end":{"line":35,"column":18}},"8":{"start":{"line":43,"column":4},"end":{"line":62,"column":5}},"9":{"start":{"line":44,"column":21},"end":{"line":44,"column":31}},"10":{"start":{"line":45,"column":21},"end":{"line":45,"column":32}},"11":{"start":{"line":47,"column":6},"end":{"line":47,"column":41}},"12":{"start":{"line":48,"column":6},"end":{"line":48,"column":42}},"13":{"start":{"line":50,"column":22},"end":{"line":52,"column":8}},"14":{"start":{"line":54,"column":6},"end":{"line":56,"column":7}},"15":{"start":{"line":55,"column":8},"end":{"line":55,"column":72}},"16":{"start":{"line":58,"column":6},"end":{"line":58,"column":51}},"17":{"start":{"line":61,"column":6},"end":{"line":61,"column":18}},"18":{"start":{"line":69,"column":4},"end":{"line":125,"column":5}},"19":{"start":{"line":70,"column":21},"end":{"line":70,"column":32}},"20":{"start":{"line":83,"column":10},"end":{"line":83,"column":18}},"21":{"start":{"line":86,"column":6},"end":{"line":86,"column":43}},"22":{"start":{"line":87,"column":6},"end":{"line":87,"column":57}},"23":{"start":{"line":88,"column":6},"end":{"line":88,"column":49}},"24":{"start":{"line":89,"column":6},"end":{"line":89,"column":49}},"25":{"start":{"line":90,"column":6},"end":{"line":90,"column":49}},"26":{"start":{"line":91,"column":6},"end":{"line":91,"column":41}},"27":{"start":{"line":94,"column":6},"end":{"line":94,"column":31}},"28":{"start":{"line":95,"column":6},"end":{"line":95,"column":29}},"29":{"start":{"line":98,"column":6},"end":{"line":103,"column":7}},"30":{"start":{"line":99,"column":8},"end":{"line":102,"column":10}},"31":{"start":{"line":106,"column":22},"end":{"line":119,"column":8}},"32":{"start":{"line":121,"column":6},"end":{"line":121,"column":82}},"33":{"start":{"line":124,"column":6},"end":{"line":124,"column":18}},"34":{"start":{"line":132,"column":4},"end":{"line":167,"column":5}},"35":{"start":{"line":133,"column":21},"end":{"line":133,"column":31}},"36":{"start":{"line":134,"column":21},"end":{"line":134,"column":32}},"37":{"start":{"line":135,"column":25},"end":{"line":135,"column":33}},"38":{"start":{"line":137,"column":6},"end":{"line":137,"column":41}},"39":{"start":{"line":138,"column":6},"end":{"line":138,"column":42}},"40":{"start":{"line":140,"column":22},"end":{"line":142,"column":8}},"41":{"start":{"line":144,"column":6},"end":{"line":146,"column":7}},"42":{"start":{"line":145,"column":8},"end":{"line":145,"column":72}},"43":{"start":{"line":149,"column":6},"end":{"line":149,"column":62}},"44":{"start":{"line":149,"column":26},"end":{"line":149,"column":62}},"45":{"start":{"line":150,"column":6},"end":{"line":150,"column":59}},"46":{"start":{"line":150,"column":25},"end":{"line":150,"column":59}},"47":{"start":{"line":153,"column":6},"end":{"line":158,"column":7}},"48":{"start":{"line":154,"column":8},"end":{"line":157,"column":10}},"49":{"start":{"line":161,"column":6},"end":{"line":161,"column":39}},"50":{"start":{"line":163,"column":6},"end":{"line":163,"column":86}},"51":{"start":{"line":166,"column":6},"end":{"line":166,"column":18}},"52":{"start":{"line":174,"column":4},"end":{"line":201,"column":5}},"53":{"start":{"line":175,"column":21},"end":{"line":175,"column":31}},"54":{"start":{"line":176,"column":21},"end":{"line":176,"column":32}},"55":{"start":{"line":178,"column":6},"end":{"line":178,"column":41}},"56":{"start":{"line":179,"column":6},"end":{"line":179,"column":42}},"57":{"start":{"line":181,"column":22},"end":{"line":183,"column":8}},"58":{"start":{"line":185,"column":6},"end":{"line":187,"column":7}},"59":{"start":{"line":186,"column":8},"end":{"line":186,"column":72}},"60":{"start":{"line":190,"column":27},"end":{"line":190,"column":74}},"61":{"start":{"line":191,"column":6},"end":{"line":193,"column":7}},"62":{"start":{"line":192,"column":8},"end":{"line":192,"column":90}},"63":{"start":{"line":195,"column":6},"end":{"line":195,"column":30}},"64":{"start":{"line":197,"column":6},"end":{"line":197,"column":81}},"65":{"start":{"line":200,"column":6},"end":{"line":200,"column":18}},"66":{"start":{"line":208,"column":4},"end":{"line":236,"column":5}},"67":{"start":{"line":209,"column":21},"end":{"line":209,"column":31}},"68":{"start":{"line":210,"column":21},"end":{"line":210,"column":32}},"69":{"start":{"line":212,"column":6},"end":{"line":212,"column":41}},"70":{"start":{"line":213,"column":6},"end":{"line":213,"column":42}},"71":{"start":{"line":215,"column":22},"end":{"line":217,"column":8}},"72":{"start":{"line":219,"column":6},"end":{"line":221,"column":7}},"73":{"start":{"line":220,"column":8},"end":{"line":220,"column":72}},"74":{"start":{"line":224,"column":6},"end":{"line":227,"column":8}},"75":{"start":{"line":230,"column":6},"end":{"line":230,"column":48}},"76":{"start":{"line":232,"column":6},"end":{"line":232,"column":87}},"77":{"start":{"line":235,"column":6},"end":{"line":235,"column":18}},"78":{"start":{"line":243,"column":4},"end":{"line":258,"column":5}},"79":{"start":{"line":244,"column":21},"end":{"line":244,"column":32}},"80":{"start":{"line":246,"column":22},"end":{"line":248,"column":8}},"81":{"start":{"line":250,"column":6},"end":{"line":252,"column":7}},"82":{"start":{"line":251,"column":8},"end":{"line":251,"column":85}},"83":{"start":{"line":254,"column":6},"end":{"line":254,"column":51}},"84":{"start":{"line":257,"column":6},"end":{"line":257,"column":18}},"85":{"start":{"line":265,"column":4},"end":{"line":287,"column":5}},"86":{"start":{"line":266,"column":22},"end":{"line":266,"column":32}},"87":{"start":{"line":268,"column":6},"end":{"line":268,"column":43}},"88":{"start":{"line":269,"column":6},"end":{"line":269,"column":31}},"89":{"start":{"line":271,"column":24},"end":{"line":281,"column":8}},"90":{"start":{"line":283,"column":6},"end":{"line":283,"column":53}},"91":{"start":{"line":286,"column":6},"end":{"line":286,"column":18}},"92":{"start":{"line":294,"column":4},"end":{"line":322,"column":5}},"93":{"start":{"line":295,"column":25},"end":{"line":295,"column":35}},"94":{"start":{"line":296,"column":19},"end":{"line":296,"column":48}},"95":{"start":{"line":297,"column":20},"end":{"line":297,"column":51}},"96":{"start":{"line":298,"column":21},"end":{"line":298,"column":39}},"97":{"start":{"line":300,"column":6},"end":{"line":300,"column":49}},"98":{"start":{"line":302,"column":30},"end":{"line":316,"column":8}},"99":{"start":{"line":318,"column":6},"end":{"line":318,"column":70}},"100":{"start":{"line":321,"column":6},"end":{"line":321,"column":18}},"101":{"start":{"line":329,"column":4},"end":{"line":356,"column":5}},"102":{"start":{"line":330,"column":21},"end":{"line":330,"column":31}},"103":{"start":{"line":331,"column":19},"end":{"line":331,"column":48}},"104":{"start":{"line":332,"column":20},"end":{"line":332,"column":51}},"105":{"start":{"line":333,"column":21},"end":{"line":333,"column":39}},"106":{"start":{"line":335,"column":6},"end":{"line":335,"column":41}},"107":{"start":{"line":336,"column":6},"end":{"line":336,"column":29}},"108":{"start":{"line":338,"column":30},"end":{"line":350,"column":8}},"109":{"start":{"line":352,"column":6},"end":{"line":352,"column":70}},"110":{"start":{"line":355,"column":6},"end":{"line":355,"column":18}},"111":{"start":{"line":363,"column":4},"end":{"line":399,"column":5}},"112":{"start":{"line":370,"column":10},"end":{"line":383,"column":8}},"113":{"start":{"line":385,"column":20},"end":{"line":393,"column":7}},"114":{"start":{"line":395,"column":6},"end":{"line":395,"column":49}},"115":{"start":{"line":398,"column":6},"end":{"line":398,"column":18}},"116":{"start":{"line":406,"column":4},"end":{"line":424,"column":5}},"117":{"start":{"line":407,"column":22},"end":{"line":407,"column":32}},"118":{"start":{"line":409,"column":6},"end":{"line":409,"column":43}},"119":{"start":{"line":410,"column":6},"end":{"line":410,"column":31}},"120":{"start":{"line":414,"column":22},"end":{"line":414,"column":48}},"121":{"start":{"line":416,"column":6},"end":{"line":420,"column":9}},"122":{"start":{"line":423,"column":6},"end":{"line":423,"column":18}},"123":{"start":{"line":431,"column":4},"end":{"line":462,"column":5}},"124":{"start":{"line":432,"column":23},"end":{"line":432,"column":33}},"125":{"start":{"line":433,"column":19},"end":{"line":433,"column":48}},"126":{"start":{"line":434,"column":20},"end":{"line":434,"column":51}},"127":{"start":{"line":435,"column":21},"end":{"line":435,"column":39}},"128":{"start":{"line":437,"column":6},"end":{"line":437,"column":45}},"129":{"start":{"line":439,"column":25},"end":{"line":439,"column":48}},"130":{"start":{"line":440,"column":6},"end":{"line":442,"column":7}},"131":{"start":{"line":441,"column":8},"end":{"line":441,"column":64}},"132":{"start":{"line":444,"column":30},"end":{"line":456,"column":8}},"133":{"start":{"line":458,"column":6},"end":{"line":458,"column":70}},"134":{"start":{"line":461,"column":6},"end":{"line":461,"column":18}}},"fnMap":{"0":{"name":"(anonymous_0)","decl":{"start":{"line":14,"column":2},"end":{"line":14,"column":3}},"loc":{"start":{"line":14,"column":16},"end":{"line":18,"column":3}},"line":14},"1":{"name":"(anonymous_1)","decl":{"start":{"line":23,"column":2},"end":{"line":23,"column":3}},"loc":{"start":{"line":23,"column":41},"end":{"line":37,"column":3}},"line":23},"2":{"name":"(anonymous_2)","decl":{"start":{"line":42,"column":2},"end":{"line":42,"column":3}},"loc":{"start":{"line":42,"column":43},"end":{"line":63,"column":3}},"line":42},"3":{"name":"(anonymous_3)","decl":{"start":{"line":68,"column":2},"end":{"line":68,"column":3}},"loc":{"start":{"line":68,"column":42},"end":{"line":126,"column":3}},"line":68},"4":{"name":"(anonymous_4)","decl":{"start":{"line":131,"column":2},"end":{"line":131,"column":3}},"loc":{"start":{"line":131,"column":42},"end":{"line":168,"column":3}},"line":131},"5":{"name":"(anonymous_5)","decl":{"start":{"line":173,"column":2},"end":{"line":173,"column":3}},"loc":{"start":{"line":173,"column":42},"end":{"line":202,"column":3}},"line":173},"6":{"name":"(anonymous_6)","decl":{"start":{"line":207,"column":2},"end":{"line":207,"column":3}},"loc":{"start":{"line":207,"column":39},"end":{"line":237,"column":3}},"line":207},"7":{"name":"(anonymous_7)","decl":{"start":{"line":242,"column":2},"end":{"line":242,"column":3}},"loc":{"start":{"line":242,"column":39},"end":{"line":259,"column":3}},"line":242},"8":{"name":"(anonymous_8)","decl":{"start":{"line":264,"column":2},"end":{"line":264,"column":3}},"loc":{"start":{"line":264,"column":42},"end":{"line":288,"column":3}},"line":264},"9":{"name":"(anonymous_9)","decl":{"start":{"line":293,"column":2},"end":{"line":293,"column":3}},"loc":{"start":{"line":293,"column":43},"end":{"line":323,"column":3}},"line":293},"10":{"name":"(anonymous_10)","decl":{"start":{"line":328,"column":2},"end":{"line":328,"column":3}},"loc":{"start":{"line":328,"column":44},"end":{"line":357,"column":3}},"line":328},"11":{"name":"(anonymous_11)","decl":{"start":{"line":362,"column":2},"end":{"line":362,"column":3}},"loc":{"start":{"line":362,"column":40},"end":{"line":400,"column":3}},"line":362},"12":{"name":"(anonymous_12)","decl":{"start":{"line":405,"column":2},"end":{"line":405,"column":3}},"loc":{"start":{"line":405,"column":36},"end":{"line":425,"column":3}},"line":405},"13":{"name":"(anonymous_13)","decl":{"start":{"line":430,"column":2},"end":{"line":430,"column":3}},"loc":{"start":{"line":430,"column":43},"end":{"line":463,"column":3}},"line":430}},"branchMap":{"0":{"loc":{"start":{"line":54,"column":6},"end":{"line":56,"column":7}},"type":"if","locations":[{"start":{"line":54,"column":6},"end":{"line":56,"column":7}},{"start":{},"end":{}}],"line":54},"1":{"loc":{"start":{"line":79,"column":8},"end":{"line":79,"column":23}},"type":"default-arg","locations":[{"start":{"line":79,"column":15},"end":{"line":79,"column":23}}],"line":79},"2":{"loc":{"start":{"line":80,"column":8},"end":{"line":80,"column":24}},"type":"default-arg","locations":[{"start":{"line":80,"column":15},"end":{"line":80,"column":24}}],"line":80},"3":{"loc":{"start":{"line":81,"column":8},"end":{"line":81,"column":25}},"type":"default-arg","locations":[{"start":{"line":81,"column":20},"end":{"line":81,"column":25}}],"line":81},"4":{"loc":{"start":{"line":98,"column":6},"end":{"line":103,"column":7}},"type":"if","locations":[{"start":{"line":98,"column":6},"end":{"line":103,"column":7}},{"start":{},"end":{}}],"line":98},"5":{"loc":{"start":{"line":144,"column":6},"end":{"line":146,"column":7}},"type":"if","locations":[{"start":{"line":144,"column":6},"end":{"line":146,"column":7}},{"start":{},"end":{}}],"line":144},"6":{"loc":{"start":{"line":149,"column":6},"end":{"line":149,"column":62}},"type":"if","locations":[{"start":{"line":149,"column":6},"end":{"line":149,"column":62}},{"start":{},"end":{}}],"line":149},"7":{"loc":{"start":{"line":150,"column":6},"end":{"line":150,"column":59}},"type":"if","locations":[{"start":{"line":150,"column":6},"end":{"line":150,"column":59}},{"start":{},"end":{}}],"line":150},"8":{"loc":{"start":{"line":153,"column":6},"end":{"line":158,"column":7}},"type":"if","locations":[{"start":{"line":153,"column":6},"end":{"line":158,"column":7}},{"start":{},"end":{}}],"line":153},"9":{"loc":{"start":{"line":185,"column":6},"end":{"line":187,"column":7}},"type":"if","locations":[{"start":{"line":185,"column":6},"end":{"line":187,"column":7}},{"start":{},"end":{}}],"line":185},"10":{"loc":{"start":{"line":191,"column":6},"end":{"line":193,"column":7}},"type":"if","locations":[{"start":{"line":191,"column":6},"end":{"line":193,"column":7}},{"start":{},"end":{}}],"line":191},"11":{"loc":{"start":{"line":219,"column":6},"end":{"line":221,"column":7}},"type":"if","locations":[{"start":{"line":219,"column":6},"end":{"line":221,"column":7}},{"start":{},"end":{}}],"line":219},"12":{"loc":{"start":{"line":250,"column":6},"end":{"line":252,"column":7}},"type":"if","locations":[{"start":{"line":250,"column":6},"end":{"line":252,"column":7}},{"start":{},"end":{}}],"line":250},"13":{"loc":{"start":{"line":296,"column":19},"end":{"line":296,"column":48}},"type":"binary-expr","locations":[{"start":{"line":296,"column":19},"end":{"line":296,"column":43}},{"start":{"line":296,"column":47},"end":{"line":296,"column":48}}],"line":296},"14":{"loc":{"start":{"line":297,"column":20},"end":{"line":297,"column":51}},"type":"binary-expr","locations":[{"start":{"line":297,"column":20},"end":{"line":297,"column":45}},{"start":{"line":297,"column":49},"end":{"line":297,"column":51}}],"line":297},"15":{"loc":{"start":{"line":331,"column":19},"end":{"line":331,"column":48}},"type":"binary-expr","locations":[{"start":{"line":331,"column":19},"end":{"line":331,"column":43}},{"start":{"line":331,"column":47},"end":{"line":331,"column":48}}],"line":331},"16":{"loc":{"start":{"line":332,"column":20},"end":{"line":332,"column":51}},"type":"binary-expr","locations":[{"start":{"line":332,"column":20},"end":{"line":332,"column":45}},{"start":{"line":332,"column":49},"end":{"line":332,"column":51}}],"line":332},"17":{"loc":{"start":{"line":419,"column":17},"end":{"line":419,"column":56}},"type":"cond-expr","locations":[{"start":{"line":419,"column":27},"end":{"line":419,"column":39}},{"start":{"line":419,"column":42},"end":{"line":419,"column":56}}],"line":419},"18":{"loc":{"start":{"line":433,"column":19},"end":{"line":433,"column":48}},"type":"binary-expr","locations":[{"start":{"line":433,"column":19},"end":{"line":433,"column":43}},{"start":{"line":433,"column":47},"end":{"line":433,"column":48}}],"line":433},"19":{"loc":{"start":{"line":434,"column":20},"end":{"line":434,"column":51}},"type":"binary-expr","locations":[{"start":{"line":434,"column":20},"end":{"line":434,"column":45}},{"start":{"line":434,"column":49},"end":{"line":434,"column":51}}],"line":434},"20":{"loc":{"start":{"line":440,"column":6},"end":{"line":442,"column":7}},"type":"if","locations":[{"start":{"line":440,"column":6},"end":{"line":442,"column":7}},{"start":{},"end":{}}],"line":440}},"s":{"0":0,"1":0,"2":0,"3":0,"4":0,"5":0,"6":0,"7":0,"8":0,"9":0,"10":0,"11":0,"12":0,"13":0,"14":0,"15":0,"16":0,"17":0,"18":0,"19":0,"20":0,"21":0,"22":0,"23":0,"24":0,"25":0,"26":0,"27":0,"28":0,"29":0,"30":0,"31":0,"32":0,"33":0,"34":0,"35":0,"36":0,"37":0,"38":0,"39":0,"40":0,"41":0,"42":0,"43":0,"44":0,"45":0,"46":0,"47":0,"48":0,"49":0,"50":0,"51":0,"52":0,"53":0,"54":0,"55":0,"56":0,"57":0,"58":0,"59":0,"60":0,"61":0,"62":0,"63":0,"64":0,"65":0,"66":0,"67":0,"68":0,"69":0,"70":0,"71":0,"72":0,"73":0,"74":0,"75":0,"76":0,"77":0,"78":0,"79":0,"80":0,"81":0,"82":0,"83":0,"84":0,"85":0,"86":0,"87":0,"88":0,"89":0,"90":0,"91":0,"92":0,"93":0,"94":0,"95":0,"96":0,"97":0,"98":0,"99":0,"100":0,"101":0,"102":0,"103":0,"104":0,"105":0,"106":0,"107":0,"108":0,"109":0,"110":0,"111":0,"112":0,"113":0,"114":0,"115":0,"116":0,"117":0,"118":0,"119":0,"120":0,"121":0,"122":0,"123":0,"124":0,"125":0,"126":0,"127":0,"128":0,"129":0,"130":0,"131":0,"132":0,"133":0,"134":0},"f":{"0":0,"1":0,"2":0,"3":0,"4":0,"5":0,"6":0,"7":0,"8":0,"9":0,"10":0,"11":0,"12":0,"13":0},"b":{"0":[0,0],"1":[0],"2":[0],"3":[0],"4":[0,0],"5":[0,0],"6":[0,0],"7":[0,0],"8":[0,0],"9":[0,0],"10":[0,0],"11":[0,0],"12":[0,0],"13":[0,0],"14":[0,0],"15":[0,0],"16":[0,0],"17":[0,0],"18":[0,0],"19":[0,0],"20":[0,0]},"inputSourceMap":null}
,"C:\\Users\\duart\\OneDrive\\Documentos\\MOVASSE\\Movase-Backend\\src\\controllers\\AuthController.js": {"path":"C:\\Users\\duart\\OneDrive\\Documentos\\MOVASSE\\Movase-Backend\\src\\controllers\\AuthController.js","statementMap":{"0":{"start":{"line":19,"column":4},"end":{"line":19,"column":39}},"1":{"start":{"line":20,"column":4},"end":{"line":20,"column":67}},"2":{"start":{"line":21,"column":4},"end":{"line":21,"column":60}},"3":{"start":{"line":28,"column":4},"end":{"line":116,"column":5}},"4":{"start":{"line":40,"column":10},"end":{"line":40,"column":18}},"5":{"start":{"line":43,"column":6},"end":{"line":43,"column":45}},"6":{"start":{"line":44,"column":6},"end":{"line":44,"column":47}},"7":{"start":{"line":45,"column":6},"end":{"line":45,"column":53}},"8":{"start":{"line":46,"column":6},"end":{"line":46,"column":43}},"9":{"start":{"line":47,"column":6},"end":{"line":47,"column":50}},"10":{"start":{"line":48,"column":6},"end":{"line":48,"column":66}},"11":{"start":{"line":49,"column":6},"end":{"line":49,"column":75}},"12":{"start":{"line":52,"column":6},"end":{"line":52,"column":35}},"13":{"start":{"line":53,"column":6},"end":{"line":53,"column":38}},"14":{"start":{"line":54,"column":6},"end":{"line":54,"column":31}},"15":{"start":{"line":55,"column":6},"end":{"line":55,"column":41}},"16":{"start":{"line":58,"column":28},"end":{"line":58,"column":73}},"17":{"start":{"line":59,"column":6},"end":{"line":61,"column":7}},"18":{"start":{"line":60,"column":8},"end":{"line":60,"column":68}},"19":{"start":{"line":64,"column":28},"end":{"line":64,"column":76}},"20":{"start":{"line":65,"column":6},"end":{"line":67,"column":7}},"21":{"start":{"line":66,"column":8},"end":{"line":66,"column":71}},"22":{"start":{"line":70,"column":26},"end":{"line":70,"column":69}},"23":{"start":{"line":71,"column":6},"end":{"line":73,"column":7}},"24":{"start":{"line":72,"column":8},"end":{"line":72,"column":66}},"25":{"start":{"line":76,"column":29},"end":{"line":76,"column":60}},"26":{"start":{"line":79,"column":19},"end":{"line":92,"column":8}},"27":{"start":{"line":95,"column":20},"end":{"line":103,"column":7}},"28":{"start":{"line":106,"column":27},"end":{"line":106,"column":40}},"29":{"start":{"line":107,"column":6},"end":{"line":107,"column":35}},"30":{"start":{"line":109,"column":6},"end":{"line":112,"column":43}},"31":{"start":{"line":115,"column":6},"end":{"line":115,"column":18}},"32":{"start":{"line":123,"column":4},"end":{"line":180,"column":5}},"33":{"start":{"line":124,"column":34},"end":{"line":124,"column":42}},"34":{"start":{"line":127,"column":6},"end":{"line":127,"column":47}},"35":{"start":{"line":128,"column":6},"end":{"line":128,"column":50}},"36":{"start":{"line":129,"column":6},"end":{"line":129,"column":35}},"37":{"start":{"line":132,"column":19},"end":{"line":135,"column":8}},"38":{"start":{"line":137,"column":6},"end":{"line":139,"column":7}},"39":{"start":{"line":138,"column":8},"end":{"line":138,"column":77}},"40":{"start":{"line":142,"column":6},"end":{"line":144,"column":7}},"41":{"start":{"line":143,"column":8},"end":{"line":143,"column":70}},"42":{"start":{"line":147,"column":30},"end":{"line":147,"column":75}},"43":{"start":{"line":148,"column":6},"end":{"line":150,"column":7}},"44":{"start":{"line":149,"column":8},"end":{"line":149,"column":77}},"45":{"start":{"line":153,"column":6},"end":{"line":156,"column":9}},"46":{"start":{"line":159,"column":20},"end":{"line":167,"column":7}},"47":{"start":{"line":170,"column":27},"end":{"line":170,"column":40}},"48":{"start":{"line":171,"column":6},"end":{"line":171,"column":35}},"49":{"start":{"line":173,"column":6},"end":{"line":176,"column":40}},"50":{"start":{"line":179,"column":6},"end":{"line":179,"column":18}},"51":{"start":{"line":187,"column":4},"end":{"line":202,"column":5}},"52":{"start":{"line":188,"column":21},"end":{"line":188,"column":32}},"53":{"start":{"line":190,"column":19},"end":{"line":192,"column":8}},"54":{"start":{"line":194,"column":6},"end":{"line":196,"column":7}},"55":{"start":{"line":195,"column":8},"end":{"line":195,"column":71}},"56":{"start":{"line":198,"column":6},"end":{"line":198,"column":48}},"57":{"start":{"line":201,"column":6},"end":{"line":201,"column":18}},"58":{"start":{"line":209,"column":4},"end":{"line":257,"column":5}},"59":{"start":{"line":210,"column":21},"end":{"line":210,"column":32}},"60":{"start":{"line":218,"column":10},"end":{"line":218,"column":18}},"61":{"start":{"line":220,"column":19},"end":{"line":220,"column":51}},"62":{"start":{"line":221,"column":6},"end":{"line":223,"column":7}},"63":{"start":{"line":222,"column":8},"end":{"line":222,"column":71}},"64":{"start":{"line":226,"column":6},"end":{"line":236,"column":7}},"65":{"start":{"line":227,"column":8},"end":{"line":227,"column":40}},"66":{"start":{"line":230,"column":30},"end":{"line":232,"column":10}},"67":{"start":{"line":233,"column":8},"end":{"line":235,"column":9}},"68":{"start":{"line":234,"column":10},"end":{"line":234,"column":73}},"69":{"start":{"line":239,"column":25},"end":{"line":239,"column":27}},"70":{"start":{"line":240,"column":6},"end":{"line":240,"column":39}},"71":{"start":{"line":240,"column":16},"end":{"line":240,"column":39}},"72":{"start":{"line":241,"column":6},"end":{"line":241,"column":51}},"73":{"start":{"line":241,"column":20},"end":{"line":241,"column":51}},"74":{"start":{"line":242,"column":6},"end":{"line":242,"column":69}},"75":{"start":{"line":242,"column":26},"end":{"line":242,"column":69}},"76":{"start":{"line":243,"column":6},"end":{"line":243,"column":45}},"77":{"start":{"line":243,"column":18},"end":{"line":243,"column":45}},"78":{"start":{"line":244,"column":6},"end":{"line":244,"column":59}},"79":{"start":{"line":244,"column":32},"end":{"line":244,"column":59}},"80":{"start":{"line":245,"column":6},"end":{"line":245,"column":89}},"81":{"start":{"line":245,"column":42},"end":{"line":245,"column":89}},"82":{"start":{"line":247,"column":6},"end":{"line":247,"column":36}},"83":{"start":{"line":250,"column":27},"end":{"line":250,"column":40}},"84":{"start":{"line":251,"column":6},"end":{"line":251,"column":35}},"85":{"start":{"line":253,"column":6},"end":{"line":253,"column":89}},"86":{"start":{"line":256,"column":6},"end":{"line":256,"column":18}},"87":{"start":{"line":264,"column":4},"end":{"line":294,"column":5}},"88":{"start":{"line":265,"column":21},"end":{"line":265,"column":32}},"89":{"start":{"line":266,"column":47},"end":{"line":266,"column":55}},"90":{"start":{"line":269,"column":6},"end":{"line":269,"column":63}},"91":{"start":{"line":270,"column":6},"end":{"line":270,"column":58}},"92":{"start":{"line":271,"column":6},"end":{"line":271,"column":44}},"93":{"start":{"line":273,"column":19},"end":{"line":273,"column":51}},"94":{"start":{"line":274,"column":6},"end":{"line":276,"column":7}},"95":{"start":{"line":275,"column":8},"end":{"line":275,"column":71}},"96":{"start":{"line":279,"column":30},"end":{"line":279,"column":82}},"97":{"start":{"line":280,"column":6},"end":{"line":282,"column":7}},"98":{"start":{"line":281,"column":8},"end":{"line":281,"column":72}},"99":{"start":{"line":285,"column":32},"end":{"line":285,"column":66}},"100":{"start":{"line":288,"column":6},"end":{"line":288,"column":57}},"101":{"start":{"line":290,"column":6},"end":{"line":290,"column":78}},"102":{"start":{"line":293,"column":6},"end":{"line":293,"column":18}},"103":{"start":{"line":301,"column":4},"end":{"line":333,"column":5}},"104":{"start":{"line":302,"column":24},"end":{"line":302,"column":32}},"105":{"start":{"line":304,"column":6},"end":{"line":304,"column":47}},"106":{"start":{"line":305,"column":6},"end":{"line":305,"column":35}},"107":{"start":{"line":307,"column":19},"end":{"line":307,"column":64}},"108":{"start":{"line":308,"column":6},"end":{"line":311,"column":7}},"109":{"start":{"line":310,"column":8},"end":{"line":310,"column":101}},"110":{"start":{"line":314,"column":25},"end":{"line":318,"column":7}},"111":{"start":{"line":321,"column":6},"end":{"line":324,"column":9}},"112":{"start":{"line":327,"column":6},"end":{"line":327,"column":55}},"113":{"start":{"line":329,"column":6},"end":{"line":329,"column":99}},"114":{"start":{"line":332,"column":6},"end":{"line":332,"column":18}},"115":{"start":{"line":340,"column":4},"end":{"line":382,"column":5}},"116":{"start":{"line":341,"column":37},"end":{"line":341,"column":45}},"117":{"start":{"line":343,"column":6},"end":{"line":343,"column":47}},"118":{"start":{"line":344,"column":6},"end":{"line":344,"column":58}},"119":{"start":{"line":345,"column":6},"end":{"line":345,"column":44}},"120":{"start":{"line":348,"column":22},"end":{"line":348,"column":55}},"121":{"start":{"line":350,"column":19},"end":{"line":356,"column":8}},"122":{"start":{"line":358,"column":6},"end":{"line":360,"column":7}},"123":{"start":{"line":359,"column":8},"end":{"line":359,"column":77}},"124":{"start":{"line":363,"column":29},"end":{"line":363,"column":63}},"125":{"start":{"line":366,"column":6},"end":{"line":370,"column":9}},"126":{"start":{"line":372,"column":6},"end":{"line":372,"column":80}},"127":{"start":{"line":375,"column":6},"end":{"line":377,"column":7}},"128":{"start":{"line":376,"column":8},"end":{"line":376,"column":65}},"129":{"start":{"line":378,"column":6},"end":{"line":380,"column":7}},"130":{"start":{"line":379,"column":8},"end":{"line":379,"column":65}},"131":{"start":{"line":381,"column":6},"end":{"line":381,"column":18}},"132":{"start":{"line":389,"column":4},"end":{"line":397,"column":5}},"133":{"start":{"line":393,"column":6},"end":{"line":393,"column":80}},"134":{"start":{"line":396,"column":6},"end":{"line":396,"column":18}},"135":{"start":{"line":404,"column":4},"end":{"line":419,"column":5}},"136":{"start":{"line":405,"column":24},"end":{"line":405,"column":34}},"137":{"start":{"line":407,"column":6},"end":{"line":407,"column":47}},"138":{"start":{"line":408,"column":6},"end":{"line":408,"column":35}},"139":{"start":{"line":410,"column":19},"end":{"line":410,"column":64}},"140":{"start":{"line":412,"column":6},"end":{"line":415,"column":9}},"141":{"start":{"line":418,"column":6},"end":{"line":418,"column":18}},"142":{"start":{"line":426,"column":4},"end":{"line":441,"column":5}},"143":{"start":{"line":427,"column":27},"end":{"line":427,"column":37}},"144":{"start":{"line":429,"column":6},"end":{"line":429,"column":53}},"145":{"start":{"line":430,"column":6},"end":{"line":430,"column":38}},"146":{"start":{"line":432,"column":19},"end":{"line":432,"column":67}},"147":{"start":{"line":434,"column":6},"end":{"line":437,"column":9}},"148":{"start":{"line":440,"column":6},"end":{"line":440,"column":18}},"149":{"start":{"line":448,"column":4},"end":{"line":463,"column":5}},"150":{"start":{"line":449,"column":22},"end":{"line":449,"column":32}},"151":{"start":{"line":451,"column":6},"end":{"line":451,"column":43}},"152":{"start":{"line":452,"column":6},"end":{"line":452,"column":31}},"153":{"start":{"line":454,"column":19},"end":{"line":454,"column":62}},"154":{"start":{"line":456,"column":6},"end":{"line":459,"column":9}},"155":{"start":{"line":462,"column":6},"end":{"line":462,"column":18}},"156":{"start":{"line":470,"column":4},"end":{"line":490,"column":5}},"157":{"start":{"line":471,"column":21},"end":{"line":471,"column":31}},"158":{"start":{"line":473,"column":6},"end":{"line":473,"column":41}},"159":{"start":{"line":474,"column":6},"end":{"line":474,"column":42}},"160":{"start":{"line":476,"column":19},"end":{"line":476,"column":47}},"161":{"start":{"line":477,"column":6},"end":{"line":479,"column":7}},"162":{"start":{"line":478,"column":8},"end":{"line":478,"column":71}},"163":{"start":{"line":481,"column":6},"end":{"line":484,"column":9}},"164":{"start":{"line":486,"column":6},"end":{"line":486,"column":80}},"165":{"start":{"line":489,"column":6},"end":{"line":489,"column":18}},"166":{"start":{"line":497,"column":4},"end":{"line":517,"column":5}},"167":{"start":{"line":498,"column":21},"end":{"line":498,"column":31}},"168":{"start":{"line":500,"column":6},"end":{"line":500,"column":41}},"169":{"start":{"line":501,"column":6},"end":{"line":501,"column":42}},"170":{"start":{"line":503,"column":19},"end":{"line":503,"column":47}},"171":{"start":{"line":504,"column":6},"end":{"line":506,"column":7}},"172":{"start":{"line":505,"column":8},"end":{"line":505,"column":71}},"173":{"start":{"line":508,"column":6},"end":{"line":511,"column":9}},"174":{"start":{"line":513,"column":6},"end":{"line":513,"column":83}},"175":{"start":{"line":516,"column":6},"end":{"line":516,"column":18}}},"fnMap":{"0":{"name":"(anonymous_0)","decl":{"start":{"line":18,"column":2},"end":{"line":18,"column":3}},"loc":{"start":{"line":18,"column":16},"end":{"line":22,"column":3}},"line":18},"1":{"name":"(anonymous_1)","decl":{"start":{"line":27,"column":2},"end":{"line":27,"column":3}},"loc":{"start":{"line":27,"column":33},"end":{"line":117,"column":3}},"line":27},"2":{"name":"(anonymous_2)","decl":{"start":{"line":122,"column":2},"end":{"line":122,"column":3}},"loc":{"start":{"line":122,"column":30},"end":{"line":181,"column":3}},"line":122},"3":{"name":"(anonymous_3)","decl":{"start":{"line":186,"column":2},"end":{"line":186,"column":3}},"loc":{"start":{"line":186,"column":27},"end":{"line":203,"column":3}},"line":186},"4":{"name":"(anonymous_4)","decl":{"start":{"line":208,"column":2},"end":{"line":208,"column":3}},"loc":{"start":{"line":208,"column":38},"end":{"line":258,"column":3}},"line":208},"5":{"name":"(anonymous_5)","decl":{"start":{"line":263,"column":2},"end":{"line":263,"column":3}},"loc":{"start":{"line":263,"column":39},"end":{"line":295,"column":3}},"line":263},"6":{"name":"(anonymous_6)","decl":{"start":{"line":300,"column":2},"end":{"line":300,"column":3}},"loc":{"start":{"line":300,"column":39},"end":{"line":334,"column":3}},"line":300},"7":{"name":"(anonymous_7)","decl":{"start":{"line":339,"column":2},"end":{"line":339,"column":3}},"loc":{"start":{"line":339,"column":38},"end":{"line":383,"column":3}},"line":339},"8":{"name":"(anonymous_8)","decl":{"start":{"line":388,"column":2},"end":{"line":388,"column":3}},"loc":{"start":{"line":388,"column":31},"end":{"line":398,"column":3}},"line":388},"9":{"name":"(anonymous_9)","decl":{"start":{"line":403,"column":2},"end":{"line":403,"column":3}},"loc":{"start":{"line":403,"column":35},"end":{"line":420,"column":3}},"line":403},"10":{"name":"(anonymous_10)","decl":{"start":{"line":425,"column":2},"end":{"line":425,"column":3}},"loc":{"start":{"line":425,"column":35},"end":{"line":442,"column":3}},"line":425},"11":{"name":"(anonymous_11)","decl":{"start":{"line":447,"column":2},"end":{"line":447,"column":3}},"loc":{"start":{"line":447,"column":33},"end":{"line":464,"column":3}},"line":447},"12":{"name":"(anonymous_12)","decl":{"start":{"line":469,"column":2},"end":{"line":469,"column":3}},"loc":{"start":{"line":469,"column":36},"end":{"line":491,"column":3}},"line":469},"13":{"name":"(anonymous_13)","decl":{"start":{"line":496,"column":2},"end":{"line":496,"column":3}},"loc":{"start":{"line":496,"column":36},"end":{"line":518,"column":3}},"line":496}},"branchMap":{"0":{"loc":{"start":{"line":20,"column":21},"end":{"line":20,"column":66}},"type":"binary-expr","locations":[{"start":{"line":20,"column":21},"end":{"line":20,"column":43}},{"start":{"line":20,"column":47},"end":{"line":20,"column":66}}],"line":20},"1":{"loc":{"start":{"line":21,"column":24},"end":{"line":21,"column":59}},"type":"binary-expr","locations":[{"start":{"line":21,"column":24},"end":{"line":21,"column":50}},{"start":{"line":21,"column":54},"end":{"line":21,"column":59}}],"line":21},"2":{"loc":{"start":{"line":37,"column":8},"end":{"line":37,"column":32}},"type":"default-arg","locations":[{"start":{"line":37,"column":27},"end":{"line":37,"column":32}}],"line":37},"3":{"loc":{"start":{"line":38,"column":8},"end":{"line":38,"column":28}},"type":"default-arg","locations":[{"start":{"line":38,"column":23},"end":{"line":38,"column":28}}],"line":38},"4":{"loc":{"start":{"line":39,"column":8},"end":{"line":39,"column":33}},"type":"default-arg","locations":[{"start":{"line":39,"column":28},"end":{"line":39,"column":33}}],"line":39},"5":{"loc":{"start":{"line":59,"column":6},"end":{"line":61,"column":7}},"type":"if","locations":[{"start":{"line":59,"column":6},"end":{"line":61,"column":7}},{"start":{},"end":{}}],"line":59},"6":{"loc":{"start":{"line":65,"column":6},"end":{"line":67,"column":7}},"type":"if","locations":[{"start":{"line":65,"column":6},"end":{"line":67,"column":7}},{"start":{},"end":{}}],"line":65},"7":{"loc":{"start":{"line":71,"column":6},"end":{"line":73,"column":7}},"type":"if","locations":[{"start":{"line":71,"column":6},"end":{"line":73,"column":7}},{"start":{},"end":{}}],"line":71},"8":{"loc":{"start":{"line":137,"column":6},"end":{"line":139,"column":7}},"type":"if","locations":[{"start":{"line":137,"column":6},"end":{"line":139,"column":7}},{"start":{},"end":{}}],"line":137},"9":{"loc":{"start":{"line":142,"column":6},"end":{"line":144,"column":7}},"type":"if","locations":[{"start":{"line":142,"column":6},"end":{"line":144,"column":7}},{"start":{},"end":{}}],"line":142},"10":{"loc":{"start":{"line":148,"column":6},"end":{"line":150,"column":7}},"type":"if","locations":[{"start":{"line":148,"column":6},"end":{"line":150,"column":7}},{"start":{},"end":{}}],"line":148},"11":{"loc":{"start":{"line":194,"column":6},"end":{"line":196,"column":7}},"type":"if","locations":[{"start":{"line":194,"column":6},"end":{"line":196,"column":7}},{"start":{},"end":{}}],"line":194},"12":{"loc":{"start":{"line":221,"column":6},"end":{"line":223,"column":7}},"type":"if","locations":[{"start":{"line":221,"column":6},"end":{"line":223,"column":7}},{"start":{},"end":{}}],"line":221},"13":{"loc":{"start":{"line":226,"column":6},"end":{"line":236,"column":7}},"type":"if","locations":[{"start":{"line":226,"column":6},"end":{"line":236,"column":7}},{"start":{},"end":{}}],"line":226},"14":{"loc":{"start":{"line":226,"column":10},"end":{"line":226,"column":48}},"type":"binary-expr","locations":[{"start":{"line":226,"column":10},"end":{"line":226,"column":18}},{"start":{"line":226,"column":22},"end":{"line":226,"column":48}}],"line":226},"15":{"loc":{"start":{"line":233,"column":8},"end":{"line":235,"column":9}},"type":"if","locations":[{"start":{"line":233,"column":8},"end":{"line":235,"column":9}},{"start":{},"end":{}}],"line":233},"16":{"loc":{"start":{"line":240,"column":6},"end":{"line":240,"column":39}},"type":"if","locations":[{"start":{"line":240,"column":6},"end":{"line":240,"column":39}},{"start":{},"end":{}}],"line":240},"17":{"loc":{"start":{"line":241,"column":6},"end":{"line":241,"column":51}},"type":"if","locations":[{"start":{"line":241,"column":6},"end":{"line":241,"column":51}},{"start":{},"end":{}}],"line":241},"18":{"loc":{"start":{"line":242,"column":6},"end":{"line":242,"column":69}},"type":"if","locations":[{"start":{"line":242,"column":6},"end":{"line":242,"column":69}},{"start":{},"end":{}}],"line":242},"19":{"loc":{"start":{"line":243,"column":6},"end":{"line":243,"column":45}},"type":"if","locations":[{"start":{"line":243,"column":6},"end":{"line":243,"column":45}},{"start":{},"end":{}}],"line":243},"20":{"loc":{"start":{"line":244,"column":6},"end":{"line":244,"column":59}},"type":"if","locations":[{"start":{"line":244,"column":6},"end":{"line":244,"column":59}},{"start":{},"end":{}}],"line":244},"21":{"loc":{"start":{"line":245,"column":6},"end":{"line":245,"column":89}},"type":"if","locations":[{"start":{"line":245,"column":6},"end":{"line":245,"column":89}},{"start":{},"end":{}}],"line":245},"22":{"loc":{"start":{"line":274,"column":6},"end":{"line":276,"column":7}},"type":"if","locations":[{"start":{"line":274,"column":6},"end":{"line":276,"column":7}},{"start":{},"end":{}}],"line":274},"23":{"loc":{"start":{"line":280,"column":6},"end":{"line":282,"column":7}},"type":"if","locations":[{"start":{"line":280,"column":6},"end":{"line":282,"column":7}},{"start":{},"end":{}}],"line":280},"24":{"loc":{"start":{"line":308,"column":6},"end":{"line":311,"column":7}},"type":"if","locations":[{"start":{"line":308,"column":6},"end":{"line":311,"column":7}},{"start":{},"end":{}}],"line":308},"25":{"loc":{"start":{"line":358,"column":6},"end":{"line":360,"column":7}},"type":"if","locations":[{"start":{"line":358,"column":6},"end":{"line":360,"column":7}},{"start":{},"end":{}}],"line":358},"26":{"loc":{"start":{"line":375,"column":6},"end":{"line":377,"column":7}},"type":"if","locations":[{"start":{"line":375,"column":6},"end":{"line":377,"column":7}},{"start":{},"end":{}}],"line":375},"27":{"loc":{"start":{"line":378,"column":6},"end":{"line":380,"column":7}},"type":"if","locations":[{"start":{"line":378,"column":6},"end":{"line":380,"column":7}},{"start":{},"end":{}}],"line":378},"28":{"loc":{"start":{"line":477,"column":6},"end":{"line":479,"column":7}},"type":"if","locations":[{"start":{"line":477,"column":6},"end":{"line":479,"column":7}},{"start":{},"end":{}}],"line":477},"29":{"loc":{"start":{"line":504,"column":6},"end":{"line":506,"column":7}},"type":"if","locations":[{"start":{"line":504,"column":6},"end":{"line":506,"column":7}},{"start":{},"end":{}}],"line":504}},"s":{"0":0,"1":0,"2":0,"3":0,"4":0,"5":0,"6":0,"7":0,"8":0,"9":0,"10":0,"11":0,"12":0,"13":0,"14":0,"15":0,"16":0,"17":0,"18":0,"19":0,"20":0,"21":0,"22":0,"23":0,"24":0,"25":0,"26":0,"27":0,"28":0,"29":0,"30":0,"31":0,"32":0,"33":0,"34":0,"35":0,"36":0,"37":0,"38":0,"39":0,"40":0,"41":0,"42":0,"43":0,"44":0,"45":0,"46":0,"47":0,"48":0,"49":0,"50":0,"51":0,"52":0,"53":0,"54":0,"55":0,"56":0,"57":0,"58":0,"59":0,"60":0,"61":0,"62":0,"63":0,"64":0,"65":0,"66":0,"67":0,"68":0,"69":0,"70":0,"71":0,"72":0,"73":0,"74":0,"75":0,"76":0,"77":0,"78":0,"79":0,"80":0,"81":0,"82":0,"83":0,"84":0,"85":0,"86":0,"87":0,"88":0,"89":0,"90":0,"91":0,"92":0,"93":0,"94":0,"95":0,"96":0,"97":0,"98":0,"99":0,"100":0,"101":0,"102":0,"103":0,"104":0,"105":0,"106":0,"107":0,"108":0,"109":0,"110":0,"111":0,"112":0,"113":0,"114":0,"115":0,"116":0,"117":0,"118":0,"119":0,"120":0,"121":0,"122":0,"123":0,"124":0,"125":0,"126":0,"127":0,"128":0,"129":0,"130":0,"131":0,"132":0,"133":0,"134":0,"135":0,"136":0,"137":0,"138":0,"139":0,"140":0,"141":0,"142":0,"143":0,"144":0,"145":0,"146":0,"147":0,"148":0,"149":0,"150":0,"151":0,"152":0,"153":0,"154":0,"155":0,"156":0,"157":0,"158":0,"159":0,"160":0,"161":0,"162":0,"163":0,"164":0,"165":0,"166":0,"167":0,"168":0,"169":0,"170":0,"171":0,"172":0,"173":0,"174":0,"175":0},"f":{"0":0,"1":0,"2":0,"3":0,"4":0,"5":0,"6":0,"7":0,"8":0,"9":0,"10":0,"11":0,"12":0,"13":0},"b":{"0":[0,0],"1":[0,0],"2":[0],"3":[0],"4":[0],"5":[0,0],"6":[0,0],"7":[0,0],"8":[0,0],"9":[0,0],"10":[0,0],"11":[0,0],"12":[0,0],"13":[0,0],"14":[0,0],"15":[0,0],"16":[0,0],"17":[0,0],"18":[0,0],"19":[0,0],"20":[0,0],"21":[0,0],"22":[0,0],"23":[0,0],"24":[0,0],"25":[0,0],"26":[0,0],"27":[0,0],"28":[0,0],"29":[0,0]},"inputSourceMap":null}
,"C:\\Users\\duart\\OneDrive\\Documentos\\MOVASSE\\Movase-Backend\\src\\controllers\\BaseController.js": {"path":"C:\\Users\\duart\\OneDrive\\Documentos\\MOVASSE\\Movase-Backend\\src\\controllers\\BaseController.js","statementMap":{"0":{"start":{"line":14,"column":4},"end":{"line":14,"column":23}},"1":{"start":{"line":15,"column":4},"end":{"line":15,"column":31}},"2":{"start":{"line":22,"column":4},"end":{"line":58,"column":5}},"3":{"start":{"line":23,"column":19},"end":{"line":23,"column":48}},"4":{"start":{"line":24,"column":20},"end":{"line":24,"column":51}},"5":{"start":{"line":25,"column":21},"end":{"line":25,"column":39}},"6":{"start":{"line":28,"column":22},"end":{"line":32,"column":7}},"7":{"start":{"line":35,"column":6},"end":{"line":42,"column":7}},"8":{"start":{"line":36,"column":8},"end":{"line":41,"column":10}},"9":{"start":{"line":45,"column":6},"end":{"line":50,"column":7}},"10":{"start":{"line":46,"column":8},"end":{"line":49,"column":10}},"11":{"start":{"line":52,"column":30},"end":{"line":52,"column":71}},"12":{"start":{"line":54,"column":6},"end":{"line":54,"column":70}},"13":{"start":{"line":57,"column":6},"end":{"line":57,"column":18}},"14":{"start":{"line":65,"column":4},"end":{"line":82,"column":5}},"15":{"start":{"line":66,"column":21},"end":{"line":66,"column":31}},"16":{"start":{"line":69,"column":6},"end":{"line":69,"column":41}},"17":{"start":{"line":70,"column":6},"end":{"line":70,"column":42}},"18":{"start":{"line":72,"column":21},"end":{"line":72,"column":50}},"19":{"start":{"line":74,"column":6},"end":{"line":76,"column":7}},"20":{"start":{"line":75,"column":8},"end":{"line":75,"column":81}},"21":{"start":{"line":78,"column":6},"end":{"line":78,"column":50}},"22":{"start":{"line":81,"column":6},"end":{"line":81,"column":18}},"23":{"start":{"line":89,"column":4},"end":{"line":103,"column":5}},"24":{"start":{"line":90,"column":19},"end":{"line":90,"column":27}},"25":{"start":{"line":93,"column":6},"end":{"line":95,"column":7}},"26":{"start":{"line":94,"column":8},"end":{"line":94,"column":71}},"27":{"start":{"line":97,"column":21},"end":{"line":97,"column":50}},"28":{"start":{"line":99,"column":6},"end":{"line":99,"column":90}},"29":{"start":{"line":102,"column":6},"end":{"line":102,"column":18}},"30":{"start":{"line":110,"column":4},"end":{"line":135,"column":5}},"31":{"start":{"line":111,"column":21},"end":{"line":111,"column":31}},"32":{"start":{"line":112,"column":19},"end":{"line":112,"column":27}},"33":{"start":{"line":115,"column":6},"end":{"line":115,"column":41}},"34":{"start":{"line":116,"column":6},"end":{"line":116,"column":42}},"35":{"start":{"line":119,"column":6},"end":{"line":121,"column":7}},"36":{"start":{"line":120,"column":8},"end":{"line":120,"column":71}},"37":{"start":{"line":123,"column":21},"end":{"line":123,"column":50}},"38":{"start":{"line":125,"column":6},"end":{"line":127,"column":7}},"39":{"start":{"line":126,"column":8},"end":{"line":126,"column":81}},"40":{"start":{"line":129,"column":6},"end":{"line":129,"column":32}},"41":{"start":{"line":131,"column":6},"end":{"line":131,"column":94}},"42":{"start":{"line":134,"column":6},"end":{"line":134,"column":18}},"43":{"start":{"line":142,"column":4},"end":{"line":161,"column":5}},"44":{"start":{"line":143,"column":21},"end":{"line":143,"column":31}},"45":{"start":{"line":146,"column":6},"end":{"line":146,"column":41}},"46":{"start":{"line":147,"column":6},"end":{"line":147,"column":42}},"47":{"start":{"line":149,"column":21},"end":{"line":149,"column":50}},"48":{"start":{"line":151,"column":6},"end":{"line":153,"column":7}},"49":{"start":{"line":152,"column":8},"end":{"line":152,"column":81}},"50":{"start":{"line":155,"column":6},"end":{"line":155,"column":29}},"51":{"start":{"line":157,"column":6},"end":{"line":157,"column":90}},"52":{"start":{"line":160,"column":6},"end":{"line":160,"column":18}},"53":{"start":{"line":168,"column":4},"end":{"line":184,"column":5}},"54":{"start":{"line":169,"column":23},"end":{"line":169,"column":31}},"55":{"start":{"line":171,"column":6},"end":{"line":173,"column":7}},"56":{"start":{"line":172,"column":8},"end":{"line":172,"column":84}},"57":{"start":{"line":175,"column":22},"end":{"line":178,"column":8}},"58":{"start":{"line":180,"column":6},"end":{"line":180,"column":51}},"59":{"start":{"line":183,"column":6},"end":{"line":183,"column":18}},"60":{"start":{"line":191,"column":4},"end":{"line":200,"column":5}},"61":{"start":{"line":192,"column":20},"end":{"line":192,"column":70}},"62":{"start":{"line":194,"column":20},"end":{"line":194,"column":53}},"63":{"start":{"line":196,"column":6},"end":{"line":196,"column":53}},"64":{"start":{"line":199,"column":6},"end":{"line":199,"column":18}},"65":{"start":{"line":207,"column":4},"end":{"line":232,"column":5}},"66":{"start":{"line":208,"column":21},"end":{"line":208,"column":31}},"67":{"start":{"line":209,"column":26},"end":{"line":209,"column":35}},"68":{"start":{"line":211,"column":6},"end":{"line":211,"column":41}},"69":{"start":{"line":212,"column":6},"end":{"line":212,"column":42}},"70":{"start":{"line":214,"column":22},"end":{"line":216,"column":7}},"71":{"start":{"line":218,"column":6},"end":{"line":220,"column":7}},"72":{"start":{"line":219,"column":8},"end":{"line":219,"column":45}},"73":{"start":{"line":222,"column":21},"end":{"line":222,"column":54}},"74":{"start":{"line":224,"column":6},"end":{"line":226,"column":7}},"75":{"start":{"line":225,"column":8},"end":{"line":225,"column":81}},"76":{"start":{"line":228,"column":6},"end":{"line":228,"column":50}},"77":{"start":{"line":231,"column":6},"end":{"line":231,"column":18}}},"fnMap":{"0":{"name":"(anonymous_0)","decl":{"start":{"line":13,"column":2},"end":{"line":13,"column":3}},"loc":{"start":{"line":13,"column":32},"end":{"line":16,"column":3}},"line":13},"1":{"name":"(anonymous_1)","decl":{"start":{"line":21,"column":2},"end":{"line":21,"column":3}},"loc":{"start":{"line":21,"column":29},"end":{"line":59,"column":3}},"line":21},"2":{"name":"(anonymous_2)","decl":{"start":{"line":64,"column":2},"end":{"line":64,"column":3}},"loc":{"start":{"line":64,"column":32},"end":{"line":83,"column":3}},"line":64},"3":{"name":"(anonymous_3)","decl":{"start":{"line":88,"column":2},"end":{"line":88,"column":3}},"loc":{"start":{"line":88,"column":31},"end":{"line":104,"column":3}},"line":88},"4":{"name":"(anonymous_4)","decl":{"start":{"line":109,"column":2},"end":{"line":109,"column":3}},"loc":{"start":{"line":109,"column":31},"end":{"line":136,"column":3}},"line":109},"5":{"name":"(anonymous_5)","decl":{"start":{"line":141,"column":2},"end":{"line":141,"column":3}},"loc":{"start":{"line":141,"column":31},"end":{"line":162,"column":3}},"line":141},"6":{"name":"(anonymous_6)","decl":{"start":{"line":167,"column":2},"end":{"line":167,"column":3}},"loc":{"start":{"line":167,"column":39},"end":{"line":185,"column":3}},"line":167},"7":{"name":"(anonymous_7)","decl":{"start":{"line":190,"column":2},"end":{"line":190,"column":3}},"loc":{"start":{"line":190,"column":30},"end":{"line":201,"column":3}},"line":190},"8":{"name":"(anonymous_8)","decl":{"start":{"line":206,"column":2},"end":{"line":206,"column":3}},"loc":{"start":{"line":206,"column":45},"end":{"line":233,"column":3}},"line":206}},"branchMap":{"0":{"loc":{"start":{"line":23,"column":19},"end":{"line":23,"column":48}},"type":"binary-expr","locations":[{"start":{"line":23,"column":19},"end":{"line":23,"column":43}},{"start":{"line":23,"column":47},"end":{"line":23,"column":48}}],"line":23},"1":{"loc":{"start":{"line":24,"column":20},"end":{"line":24,"column":51}},"type":"binary-expr","locations":[{"start":{"line":24,"column":20},"end":{"line":24,"column":45}},{"start":{"line":24,"column":49},"end":{"line":24,"column":51}}],"line":24},"2":{"loc":{"start":{"line":35,"column":6},"end":{"line":42,"column":7}},"type":"if","locations":[{"start":{"line":35,"column":6},"end":{"line":42,"column":7}},{"start":{},"end":{}}],"line":35},"3":{"loc":{"start":{"line":45,"column":6},"end":{"line":50,"column":7}},"type":"if","locations":[{"start":{"line":45,"column":6},"end":{"line":50,"column":7}},{"start":{},"end":{}}],"line":45},"4":{"loc":{"start":{"line":74,"column":6},"end":{"line":76,"column":7}},"type":"if","locations":[{"start":{"line":74,"column":6},"end":{"line":76,"column":7}},{"start":{},"end":{}}],"line":74},"5":{"loc":{"start":{"line":93,"column":6},"end":{"line":95,"column":7}},"type":"if","locations":[{"start":{"line":93,"column":6},"end":{"line":95,"column":7}},{"start":{},"end":{}}],"line":93},"6":{"loc":{"start":{"line":93,"column":10},"end":{"line":93,"column":49}},"type":"binary-expr","locations":[{"start":{"line":93,"column":10},"end":{"line":93,"column":15}},{"start":{"line":93,"column":19},"end":{"line":93,"column":49}}],"line":93},"7":{"loc":{"start":{"line":119,"column":6},"end":{"line":121,"column":7}},"type":"if","locations":[{"start":{"line":119,"column":6},"end":{"line":121,"column":7}},{"start":{},"end":{}}],"line":119},"8":{"loc":{"start":{"line":119,"column":10},"end":{"line":119,"column":49}},"type":"binary-expr","locations":[{"start":{"line":119,"column":10},"end":{"line":119,"column":15}},{"start":{"line":119,"column":19},"end":{"line":119,"column":49}}],"line":119},"9":{"loc":{"start":{"line":125,"column":6},"end":{"line":127,"column":7}},"type":"if","locations":[{"start":{"line":125,"column":6},"end":{"line":127,"column":7}},{"start":{},"end":{}}],"line":125},"10":{"loc":{"start":{"line":151,"column":6},"end":{"line":153,"column":7}},"type":"if","locations":[{"start":{"line":151,"column":6},"end":{"line":153,"column":7}},{"start":{},"end":{}}],"line":151},"11":{"loc":{"start":{"line":171,"column":6},"end":{"line":173,"column":7}},"type":"if","locations":[{"start":{"line":171,"column":6},"end":{"line":173,"column":7}},{"start":{},"end":{}}],"line":171},"12":{"loc":{"start":{"line":171,"column":10},"end":{"line":171,"column":57}},"type":"binary-expr","locations":[{"start":{"line":171,"column":10},"end":{"line":171,"column":19}},{"start":{"line":171,"column":23},"end":{"line":171,"column":57}}],"line":171},"13":{"loc":{"start":{"line":192,"column":20},"end":{"line":192,"column":70}},"type":"cond-expr","locations":[{"start":{"line":192,"column":38},"end":{"line":192,"column":65}},{"start":{"line":192,"column":68},"end":{"line":192,"column":70}}],"line":192},"14":{"loc":{"start":{"line":218,"column":6},"end":{"line":220,"column":7}},"type":"if","locations":[{"start":{"line":218,"column":6},"end":{"line":220,"column":7}},{"start":{},"end":{}}],"line":218},"15":{"loc":{"start":{"line":224,"column":6},"end":{"line":226,"column":7}},"type":"if","locations":[{"start":{"line":224,"column":6},"end":{"line":226,"column":7}},{"start":{},"end":{}}],"line":224}},"s":{"0":0,"1":0,"2":0,"3":0,"4":0,"5":0,"6":0,"7":0,"8":0,"9":0,"10":0,"11":0,"12":0,"13":0,"14":0,"15":0,"16":0,"17":0,"18":0,"19":0,"20":0,"21":0,"22":0,"23":0,"24":0,"25":0,"26":0,"27":0,"28":0,"29":0,"30":0,"31":0,"32":0,"33":0,"34":0,"35":0,"36":0,"37":0,"38":0,"39":0,"40":0,"41":0,"42":0,"43":0,"44":0,"45":0,"46":0,"47":0,"48":0,"49":0,"50":0,"51":0,"52":0,"53":0,"54":0,"55":0,"56":0,"57":0,"58":0,"59":0,"60":0,"61":0,"62":0,"63":0,"64":0,"65":0,"66":0,"67":0,"68":0,"69":0,"70":0,"71":0,"72":0,"73":0,"74":0,"75":0,"76":0,"77":0},"f":{"0":0,"1":0,"2":0,"3":0,"4":0,"5":0,"6":0,"7":0,"8":0},"b":{"0":[0,0],"1":[0,0],"2":[0,0],"3":[0,0],"4":[0,0],"5":[0,0],"6":[0,0],"7":[0,0],"8":[0,0],"9":[0,0],"10":[0,0],"11":[0,0],"12":[0,0],"13":[0,0],"14":[0,0],"15":[0,0]},"inputSourceMap":null}
,"C:\\Users\\duart\\OneDrive\\Documentos\\MOVASSE\\Movase-Backend\\src\\controllers\\BookController.js": {"path":"C:\\Users\\duart\\OneDrive\\Documentos\\MOVASSE\\Movase-Backend\\src\\controllers\\BookController.js","statementMap":{"0":{"start":{"line":15,"column":4},"end":{"line":15,"column":44}},"1":{"start":{"line":16,"column":4},"end":{"line":16,"column":41}},"2":{"start":{"line":23,"column":4},"end":{"line":82,"column":5}},"3":{"start":{"line":24,"column":19},"end":{"line":24,"column":48}},"4":{"start":{"line":25,"column":20},"end":{"line":25,"column":51}},"5":{"start":{"line":26,"column":21},"end":{"line":26,"column":39}},"6":{"start":{"line":40,"column":10},"end":{"line":40,"column":19}},"7":{"start":{"line":43,"column":20},"end":{"line":43,"column":22}},"8":{"start":{"line":45,"column":6},"end":{"line":52,"column":7}},"9":{"start":{"line":46,"column":8},"end":{"line":51,"column":10}},"10":{"start":{"line":54,"column":6},"end":{"line":54,"column":49}},"11":{"start":{"line":54,"column":21},"end":{"line":54,"column":49}},"12":{"start":{"line":55,"column":6},"end":{"line":55,"column":58}},"13":{"start":{"line":55,"column":24},"end":{"line":55,"column":58}},"14":{"start":{"line":56,"column":6},"end":{"line":56,"column":40}},"15":{"start":{"line":56,"column":18},"end":{"line":56,"column":40}},"16":{"start":{"line":57,"column":6},"end":{"line":57,"column":71}},"17":{"start":{"line":57,"column":34},"end":{"line":57,"column":71}},"18":{"start":{"line":58,"column":6},"end":{"line":58,"column":71}},"19":{"start":{"line":58,"column":34},"end":{"line":58,"column":71}},"20":{"start":{"line":59,"column":6},"end":{"line":59,"column":71}},"21":{"start":{"line":59,"column":34},"end":{"line":59,"column":71}},"22":{"start":{"line":62,"column":6},"end":{"line":66,"column":7}},"23":{"start":{"line":63,"column":8},"end":{"line":63,"column":25}},"24":{"start":{"line":64,"column":8},"end":{"line":64,"column":86}},"25":{"start":{"line":64,"column":22},"end":{"line":64,"column":86}},"26":{"start":{"line":65,"column":8},"end":{"line":65,"column":86}},"27":{"start":{"line":65,"column":22},"end":{"line":65,"column":86}},"28":{"start":{"line":69,"column":22},"end":{"line":74,"column":7}},"29":{"start":{"line":76,"column":30},"end":{"line":76,"column":71}},"30":{"start":{"line":78,"column":6},"end":{"line":78,"column":70}},"31":{"start":{"line":81,"column":6},"end":{"line":81,"column":18}},"32":{"start":{"line":89,"column":4},"end":{"line":108,"column":5}},"33":{"start":{"line":90,"column":21},"end":{"line":90,"column":31}},"34":{"start":{"line":92,"column":6},"end":{"line":92,"column":41}},"35":{"start":{"line":93,"column":6},"end":{"line":93,"column":42}},"36":{"start":{"line":95,"column":19},"end":{"line":95,"column":48}},"37":{"start":{"line":97,"column":6},"end":{"line":99,"column":7}},"38":{"start":{"line":98,"column":8},"end":{"line":98,"column":69}},"39":{"start":{"line":102,"column":6},"end":{"line":102,"column":44}},"40":{"start":{"line":104,"column":6},"end":{"line":104,"column":48}},"41":{"start":{"line":107,"column":6},"end":{"line":107,"column":18}},"42":{"start":{"line":115,"column":4},"end":{"line":195,"column":5}},"43":{"start":{"line":141,"column":10},"end":{"line":141,"column":18}},"44":{"start":{"line":144,"column":6},"end":{"line":144,"column":49}},"45":{"start":{"line":145,"column":6},"end":{"line":145,"column":47}},"46":{"start":{"line":146,"column":6},"end":{"line":146,"column":55}},"47":{"start":{"line":147,"column":6},"end":{"line":147,"column":47}},"48":{"start":{"line":150,"column":6},"end":{"line":150,"column":43}},"49":{"start":{"line":150,"column":16},"end":{"line":150,"column":43}},"50":{"start":{"line":151,"column":6},"end":{"line":151,"column":66}},"51":{"start":{"line":151,"column":17},"end":{"line":151,"column":66}},"52":{"start":{"line":152,"column":6},"end":{"line":152,"column":91}},"53":{"start":{"line":152,"column":25},"end":{"line":152,"column":91}},"54":{"start":{"line":153,"column":6},"end":{"line":153,"column":79}},"55":{"start":{"line":153,"column":33},"end":{"line":153,"column":79}},"56":{"start":{"line":156,"column":6},"end":{"line":161,"column":7}},"57":{"start":{"line":157,"column":29},"end":{"line":157,"column":74}},"58":{"start":{"line":158,"column":8},"end":{"line":160,"column":9}},"59":{"start":{"line":159,"column":10},"end":{"line":159,"column":69}},"60":{"start":{"line":164,"column":19},"end":{"line":189,"column":8}},"61":{"start":{"line":191,"column":6},"end":{"line":191,"column":76}},"62":{"start":{"line":194,"column":6},"end":{"line":194,"column":18}},"63":{"start":{"line":202,"column":4},"end":{"line":236,"column":5}},"64":{"start":{"line":203,"column":21},"end":{"line":203,"column":31}},"65":{"start":{"line":204,"column":25},"end":{"line":204,"column":33}},"66":{"start":{"line":206,"column":6},"end":{"line":206,"column":41}},"67":{"start":{"line":207,"column":6},"end":{"line":207,"column":42}},"68":{"start":{"line":209,"column":19},"end":{"line":209,"column":48}},"69":{"start":{"line":210,"column":6},"end":{"line":212,"column":7}},"70":{"start":{"line":211,"column":8},"end":{"line":211,"column":69}},"71":{"start":{"line":215,"column":6},"end":{"line":223,"column":7}},"72":{"start":{"line":216,"column":8},"end":{"line":216,"column":46}},"73":{"start":{"line":217,"column":29},"end":{"line":219,"column":10}},"74":{"start":{"line":220,"column":8},"end":{"line":222,"column":9}},"75":{"start":{"line":221,"column":10},"end":{"line":221,"column":69}},"76":{"start":{"line":225,"column":6},"end":{"line":225,"column":88}},"77":{"start":{"line":225,"column":28},"end":{"line":225,"column":88}},"78":{"start":{"line":226,"column":6},"end":{"line":226,"column":113}},"79":{"start":{"line":226,"column":36},"end":{"line":226,"column":113}},"80":{"start":{"line":227,"column":6},"end":{"line":227,"column":101}},"81":{"start":{"line":227,"column":44},"end":{"line":227,"column":101}},"82":{"start":{"line":230,"column":6},"end":{"line":230,"column":36}},"83":{"start":{"line":232,"column":6},"end":{"line":232,"column":80}},"84":{"start":{"line":235,"column":6},"end":{"line":235,"column":18}},"85":{"start":{"line":243,"column":4},"end":{"line":262,"column":5}},"86":{"start":{"line":244,"column":28},"end":{"line":244,"column":38}},"87":{"start":{"line":245,"column":19},"end":{"line":245,"column":48}},"88":{"start":{"line":246,"column":20},"end":{"line":246,"column":51}},"89":{"start":{"line":247,"column":21},"end":{"line":247,"column":39}},"90":{"start":{"line":249,"column":6},"end":{"line":249,"column":55}},"91":{"start":{"line":251,"column":30},"end":{"line":256,"column":8}},"92":{"start":{"line":258,"column":6},"end":{"line":258,"column":70}},"93":{"start":{"line":261,"column":6},"end":{"line":261,"column":18}},"94":{"start":{"line":269,"column":4},"end":{"line":282,"column":5}},"95":{"start":{"line":270,"column":20},"end":{"line":270,"column":50}},"96":{"start":{"line":272,"column":20},"end":{"line":276,"column":8}},"97":{"start":{"line":278,"column":6},"end":{"line":278,"column":49}},"98":{"start":{"line":281,"column":6},"end":{"line":281,"column":18}},"99":{"start":{"line":289,"column":4},"end":{"line":302,"column":5}},"100":{"start":{"line":290,"column":20},"end":{"line":290,"column":50}},"101":{"start":{"line":292,"column":20},"end":{"line":296,"column":8}},"102":{"start":{"line":298,"column":6},"end":{"line":298,"column":49}},"103":{"start":{"line":301,"column":6},"end":{"line":301,"column":18}},"104":{"start":{"line":309,"column":4},"end":{"line":322,"column":5}},"105":{"start":{"line":310,"column":20},"end":{"line":310,"column":50}},"106":{"start":{"line":312,"column":20},"end":{"line":316,"column":8}},"107":{"start":{"line":318,"column":6},"end":{"line":318,"column":49}},"108":{"start":{"line":321,"column":6},"end":{"line":321,"column":18}},"109":{"start":{"line":329,"column":4},"end":{"line":357,"column":5}},"110":{"start":{"line":330,"column":23},"end":{"line":330,"column":32}},"111":{"start":{"line":331,"column":19},"end":{"line":331,"column":48}},"112":{"start":{"line":332,"column":20},"end":{"line":332,"column":51}},"113":{"start":{"line":333,"column":21},"end":{"line":333,"column":39}},"114":{"start":{"line":335,"column":6},"end":{"line":337,"column":7}},"115":{"start":{"line":336,"column":8},"end":{"line":336,"column":70}},"116":{"start":{"line":339,"column":23},"end":{"line":339,"column":38}},"117":{"start":{"line":341,"column":30},"end":{"line":351,"column":8}},"118":{"start":{"line":353,"column":6},"end":{"line":353,"column":70}},"119":{"start":{"line":356,"column":6},"end":{"line":356,"column":18}},"120":{"start":{"line":364,"column":4},"end":{"line":386,"column":5}},"121":{"start":{"line":365,"column":24},"end":{"line":365,"column":34}},"122":{"start":{"line":366,"column":19},"end":{"line":366,"column":48}},"123":{"start":{"line":367,"column":20},"end":{"line":367,"column":51}},"124":{"start":{"line":368,"column":21},"end":{"line":368,"column":39}},"125":{"start":{"line":370,"column":6},"end":{"line":370,"column":47}},"126":{"start":{"line":372,"column":30},"end":{"line":380,"column":8}},"127":{"start":{"line":382,"column":6},"end":{"line":382,"column":70}},"128":{"start":{"line":385,"column":6},"end":{"line":385,"column":18}},"129":{"start":{"line":393,"column":4},"end":{"line":431,"column":5}},"130":{"start":{"line":394,"column":21},"end":{"line":394,"column":31}},"131":{"start":{"line":395,"column":44},"end":{"line":395,"column":52}},"132":{"start":{"line":397,"column":6},"end":{"line":397,"column":41}},"133":{"start":{"line":398,"column":6},"end":{"line":398,"column":51}},"134":{"start":{"line":399,"column":6},"end":{"line":399,"column":42}},"135":{"start":{"line":400,"column":6},"end":{"line":400,"column":52}},"136":{"start":{"line":402,"column":19},"end":{"line":402,"column":48}},"137":{"start":{"line":403,"column":6},"end":{"line":405,"column":7}},"138":{"start":{"line":404,"column":8},"end":{"line":404,"column":69}},"139":{"start":{"line":408,"column":6},"end":{"line":423,"column":7}},"140":{"start":{"line":410,"column":10},"end":{"line":410,"column":29}},"141":{"start":{"line":411,"column":10},"end":{"line":411,"column":16}},"142":{"start":{"line":413,"column":10},"end":{"line":413,"column":44}},"143":{"start":{"line":414,"column":10},"end":{"line":414,"column":16}},"144":{"start":{"line":416,"column":10},"end":{"line":416,"column":44}},"145":{"start":{"line":417,"column":10},"end":{"line":419,"column":11}},"146":{"start":{"line":418,"column":12},"end":{"line":418,"column":75}},"147":{"start":{"line":420,"column":10},"end":{"line":420,"column":16}},"148":{"start":{"line":422,"column":10},"end":{"line":422,"column":70}},"149":{"start":{"line":425,"column":6},"end":{"line":425,"column":47}},"150":{"start":{"line":427,"column":6},"end":{"line":427,"column":82}},"151":{"start":{"line":430,"column":6},"end":{"line":430,"column":18}},"152":{"start":{"line":438,"column":4},"end":{"line":469,"column":5}},"153":{"start":{"line":439,"column":21},"end":{"line":439,"column":31}},"154":{"start":{"line":440,"column":40},"end":{"line":440,"column":48}},"155":{"start":{"line":442,"column":6},"end":{"line":442,"column":41}},"156":{"start":{"line":443,"column":6},"end":{"line":443,"column":55}},"157":{"start":{"line":444,"column":6},"end":{"line":444,"column":42}},"158":{"start":{"line":445,"column":6},"end":{"line":445,"column":63}},"159":{"start":{"line":447,"column":6},"end":{"line":449,"column":7}},"160":{"start":{"line":448,"column":8},"end":{"line":448,"column":83}},"161":{"start":{"line":451,"column":19},"end":{"line":451,"column":48}},"162":{"start":{"line":452,"c
[...]
{"line":88,"column":42}},"34":{"start":{"line":89,"column":6},"end":{"line":91,"column":7}},"35":{"start":{"line":90,"column":8},"end":{"line":90,"column":59}},"36":{"start":{"line":93,"column":4},"end":{"line":93,"column":16}},"37":{"start":{"line":100,"column":4},"end":{"line":110,"column":5}},"38":{"start":{"line":101,"column":18},"end":{"line":105,"column":7}},"39":{"start":{"line":107,"column":6},"end":{"line":109,"column":7}},"40":{"start":{"line":108,"column":8},"end":{"line":108,"column":63}},"41":{"start":{"line":111,"column":4},"end":{"line":111,"column":16}},"42":{"start":{"line":118,"column":4},"end":{"line":120,"column":5}},"43":{"start":{"line":119,"column":6},"end":{"line":119,"column":76}},"44":{"start":{"line":121,"column":4},"end":{"line":121,"column":16}},"45":{"start":{"line":128,"column":4},"end":{"line":130,"column":5}},"46":{"start":{"line":129,"column":6},"end":{"line":129,"column":75}},"47":{"start":{"line":131,"column":4},"end":{"line":131,"column":16}},"48":{"start":{"line":138,"column":4},"end":{"line":140,"column":5}},"49":{"start":{"line":139,"column":6},"end":{"line":139,"column":71}},"50":{"start":{"line":141,"column":4},"end":{"line":141,"column":16}},"51":{"start":{"line":148,"column":4},"end":{"line":150,"column":5}},"52":{"start":{"line":149,"column":6},"end":{"line":149,"column":71}},"53":{"start":{"line":151,"column":4},"end":{"line":151,"column":16}},"54":{"start":{"line":158,"column":4},"end":{"line":160,"column":5}},"55":{"start":{"line":159,"column":6},"end":{"line":159,"column":64}},"56":{"start":{"line":161,"column":4},"end":{"line":161,"column":16}},"57":{"start":{"line":168,"column":4},"end":{"line":170,"column":5}},"58":{"start":{"line":169,"column":6},"end":{"line":169,"column":65}},"59":{"start":{"line":171,"column":4},"end":{"line":171,"column":16}},"60":{"start":{"line":178,"column":4},"end":{"line":180,"column":5}},"61":{"start":{"line":179,"column":6},"end":{"line":179,"column":65}},"62":{"start":{"line":181,"column":4},"end":{"line":181,"column":16}},"63":{"start":{"line":188,"column":4},"end":{"line":190,"column":5}},"64":{"start":{"line":189,"column":6},"end":{"line":189,"column":91}},"65":{"start":{"line":191,"column":4},"end":{"line":191,"column":16}},"66":{"start":{"line":198,"column":4},"end":{"line":203,"column":5}},"67":{"start":{"line":199,"column":19},"end":{"line":199,"column":34}},"68":{"start":{"line":200,"column":6},"end":{"line":202,"column":7}},"69":{"start":{"line":201,"column":8},"end":{"line":201,"column":65}},"70":{"start":{"line":204,"column":4},"end":{"line":204,"column":16}},"71":{"start":{"line":211,"column":4},"end":{"line":217,"column":5}},"72":{"start":{"line":212,"column":6},"end":{"line":216,"column":7}},"73":{"start":{"line":213,"column":8},"end":{"line":213,"column":23}},"74":{"start":{"line":215,"column":8},"end":{"line":215,"column":64}},"75":{"start":{"line":218,"column":4},"end":{"line":218,"column":16}},"76":{"start":{"line":225,"column":19},"end":{"line":225,"column":21}},"77":{"start":{"line":227,"column":4},"end":{"line":244,"column":5}},"78":{"start":{"line":228,"column":20},"end":{"line":228,"column":31}},"79":{"start":{"line":230,"column":6},"end":{"line":243,"column":7}},"80":{"start":{"line":231,"column":8},"end":{"line":242,"column":9}},"81":{"start":{"line":232,"column":10},"end":{"line":239,"column":11}},"82":{"start":{"line":233,"column":12},"end":{"line":233,"column":31}},"83":{"start":{"line":234,"column":17},"end":{"line":239,"column":11}},"84":{"start":{"line":235,"column":12},"end":{"line":235,"column":37}},"85":{"start":{"line":236,"column":17},"end":{"line":239,"column":11}},"86":{"start":{"line":237,"column":45},"end":{"line":237,"column":49}},"87":{"start":{"line":238,"column":12},"end":{"line":238,"column":68}},"88":{"start":{"line":241,"column":10},"end":{"line":241,"column":37}},"89":{"start":{"line":246,"column":4},"end":{"line":248,"column":5}},"90":{"start":{"line":247,"column":6},"end":{"line":247,"column":41}},"91":{"start":{"line":250,"column":4},"end":{"line":250,"column":16}},"92":{"start":{"line":257,"column":4},"end":{"line":265,"column":6}},"93":{"start":{"line":258,"column":6},"end":{"line":264,"column":7}},"94":{"start":{"line":259,"column":21},"end":{"line":259,"column":65}},"95":{"start":{"line":260,"column":8},"end":{"line":260,"column":42}},"96":{"start":{"line":261,"column":8},"end":{"line":261,"column":15}},"97":{"start":{"line":263,"column":8},"end":{"line":263,"column":81}}},"fnMap":{"0":{"name":"(anonymous_0)","decl":{"start":{"line":14,"column":2},"end":{"line":14,"column":3}},"loc":{"start":{"line":14,"column":36},"end":{"line":19,"column":3}},"line":14},"1":{"name":"(anonymous_1)","decl":{"start":{"line":24,"column":2},"end":{"line":24,"column":3}},"loc":{"start":{"line":24,"column":43},"end":{"line":29,"column":3}},"line":24},"2":{"name":"(anonymous_2)","decl":{"start":{"line":34,"column":2},"end":{"line":34,"column":3}},"loc":{"start":{"line":34,"column":39},"end":{"line":68,"column":3}},"line":34},"3":{"name":"(anonymous_3)","decl":{"start":{"line":73,"column":2},"end":{"line":73,"column":3}},"loc":{"start":{"line":73,"column":46},"end":{"line":81,"column":3}},"line":73},"4":{"name":"(anonymous_4)","decl":{"start":{"line":86,"column":2},"end":{"line":86,"column":3}},"loc":{"start":{"line":86,"column":39},"end":{"line":94,"column":3}},"line":86},"5":{"name":"(anonymous_5)","decl":{"start":{"line":99,"column":2},"end":{"line":99,"column":3}},"loc":{"start":{"line":99,"column":37},"end":{"line":112,"column":3}},"line":99},"6":{"name":"(anonymous_6)","decl":{"start":{"line":117,"column":2},"end":{"line":117,"column":3}},"loc":{"start":{"line":117,"column":42},"end":{"line":122,"column":3}},"line":117},"7":{"name":"(anonymous_7)","decl":{"start":{"line":127,"column":2},"end":{"line":127,"column":3}},"loc":{"start":{"line":127,"column":42},"end":{"line":132,"column":3}},"line":127},"8":{"name":"(anonymous_8)","decl":{"start":{"line":137,"column":2},"end":{"line":137,"column":3}},"loc":{"start":{"line":137,"column":41},"end":{"line":142,"column":3}},"line":137},"9":{"name":"(anonymous_9)","decl":{"start":{"line":147,"column":2},"end":{"line":147,"column":3}},"loc":{"start":{"line":147,"column":41},"end":{"line":152,"column":3}},"line":147},"10":{"name":"(anonymous_10)","decl":{"start":{"line":157,"column":2},"end":{"line":157,"column":3}},"loc":{"start":{"line":157,"column":36},"end":{"line":162,"column":3}},"line":157},"11":{"name":"(anonymous_11)","decl":{"start":{"line":167,"column":2},"end":{"line":167,"column":3}},"loc":{"start":{"line":167,"column":37},"end":{"line":172,"column":3}},"line":167},"12":{"name":"(anonymous_12)","decl":{"start":{"line":177,"column":2},"end":{"line":177,"column":3}},"loc":{"start":{"line":177,"column":38},"end":{"line":182,"column":3}},"line":177},"13":{"name":"(anonymous_13)","decl":{"start":{"line":187,"column":2},"end":{"line":187,"column":3}},"loc":{"start":{"line":187,"column":49},"end":{"line":192,"column":3}},"line":187},"14":{"name":"(anonymous_14)","decl":{"start":{"line":197,"column":2},"end":{"line":197,"column":3}},"loc":{"start":{"line":197,"column":41},"end":{"line":205,"column":3}},"line":197},"15":{"name":"(anonymous_15)","decl":{"start":{"line":210,"column":2},"end":{"line":210,"column":3}},"loc":{"start":{"line":210,"column":39},"end":{"line":219,"column":3}},"line":210},"16":{"name":"(anonymous_16)","decl":{"start":{"line":224,"column":2},"end":{"line":224,"column":3}},"loc":{"start":{"line":224,"column":37},"end":{"line":251,"column":3}},"line":224},"17":{"name":"(anonymous_17)","decl":{"start":{"line":256,"column":2},"end":{"line":256,"column":3}},"loc":{"start":{"line":256,"column":26},"end":{"line":266,"column":3}},"line":256},"18":{"name":"(anonymous_18)","decl":{"start":{"line":257,"column":11},"end":{"line":257,"column":12}},"loc":{"start":{"line":257,"column":31},"end":{"line":265,"column":5}},"line":257}},"branchMap":{"0":{"loc":{"start":{"line":15,"column":4},"end":{"line":17,"column":5}},"type":"if","locations":[{"start":{"line":15,"column":4},"end":{"line":17,"column":5}},{"start":{},"end":{}}],"line":15},"1":{"loc":{"start":{"line":15,"column":8},"end":{"line":15,"column":61}},"type":"binary-expr","locations":[{"start":{"line":15,"column":8},"end":{"line":15,"column":27}},{"start":{"line":15,"column":31},"end":{"line":15,"column":45}},{"start":{"line":15,"column":49},"end":{"line":15,"column":61}}],"line":15},"2":{"loc":{"start":{"line":24,"column":22},"end":{"line":24,"column":41}},"type":"default-arg","locations":[{"start":{"line":24,"column":34},"end":{"line":24,"column":41}}],"line":24},"3":{"loc":{"start":{"line":25,"column":4},"end":{"line":27,"column":5}},"type":"if","locations":[{"start":{"line":25,"column":4},"end":{"line":27,"column":5}},{"start":{},"end":{}}],"line":25},"4":{"loc":{"start":{"line":25,"column":8},"end":{"line":25,"column":58}},"type":"binary-expr","locations":[{"start":{"line":25,"column":8},"end":{"line":25,"column":13}},{"start":{"line":25,"column":17},"end":{"line":25,"column":58}}],"line":25},"5":{"loc":{"start":{"line":34,"column":20},"end":{"line":34,"column":37}},"type":"default-arg","locations":[{"start":{"line":34,"column":32},"end":{"line":34,"column":37}}],"line":34},"6":{"loc":{"start":{"line":35,"column":4},"end":{"line":66,"column":5}},"type":"if","locations":[{"start":{"line":35,"column":4},"end":{"line":66,"column":5}},{"start":{},"end":{}}],"line":35},"7":{"loc":{"start":{"line":39,"column":6},"end":{"line":41,"column":7}},"type":"if","locations":[{"start":{"line":39,"column":6},"end":{"line":41,"column":7}},{"start":{},"end":{}}],"line":39},"8":{"loc":{"start":{"line":44,"column":6},"end":{"line":46,"column":7}},"type":"if","locations":[{"start":{"line":44,"column":6},"end":{"line":46,"column":7}},{"start":{},"end":{}}],"line":44},"9":{"loc":{"start":{"line":54,"column":19},"end":{"line":54,"column":48}},"type":"cond-expr","locations":[{"start":{"line":54,"column":35},"end":{"line":54,"column":36}},{"start":{"line":54,"column":39},"end":{"line":54,"column":48}}],"line":54},"10":{"loc":{"start":{"line":61,"column":19},"end":{"line":61,"column":48}},"type":"cond-expr","locations":[{"start":{"line":61,"column":35},"end":{"line":61,"column":36}},{"start":{"line":61,"column":39},"end":{"line":61,"column":48}}],"line":61},"11":{"loc":{"start":{"line":63,"column":6},"end":{"line":65,"column":7}},"type":"if","locations":[{"start":{"line":63,"column":6},"end":{"line":65,"column":7}},{"start":{},"end":{}}],"line":63},"12":{"loc":{"start":{"line":63,"column":10},"end":{"line":63,"column":83}},"type":"binary-expr","locations":[{"start":{"line":63,"column":10},"end":{"line":63,"column":44}},{"start":{"line":63,"column":48},"end":{"line":63,"column":83}}],"line":63},"13":{"loc":{"start":{"line":73,"column":22},"end":{"line":73,"column":44}},"type":"default-arg","locations":[{"start":{"line":73,"column":34},"end":{"line":73,"column":44}}],"line":73},"14":{"loc":{"start":{"line":74,"column":4},"end":{"line":79,"column":5}},"type":"if","locations":[{"start":{"line":74,"column":4},"end":{"line":79,"column":5}},{"start":{},"end":{}}],"line":74},"15":{"loc":{"start":{"line":76,"column":6},"end":{"line":78,"column":7}},"type":"if","locations":[{"start":{"line":76,"column":6},"end":{"line":78,"column":7}},{"start":{},"end":{}}],"line":76},"16":{"loc":{"start":{"line":76,"column":10},"end":{"line":76,"column":48}},"type":"binary-expr","locations":[{"start":{"line":76,"column":10},"end":{"line":76,"column":27}},{"start":{"line":76,"column":31},"end":{"line":76,"column":48}}],"line":76},"17":{"loc":{"start":{"line":86,"column":20},"end":{"line":86,"column":37}},"type":"default-arg","locations":[{"start":{"line":86,"column":32},"end":{"line":86,"column":37}}],"line":86},"18":{"loc":{"start":{"line":87,"column":4},"end":{"line":92,"column":5}},"type":"if","locations":[{"start":{"line":87,"column":4},"end":{"line":92,"column":5}},{"start":{},"end":{}}],"line":87},"19":{"loc":{"start":{"line":89,"column":6},"end":{"line":91,"column":7}},"type":"if","locations":[{"start":{"line":89,"column":6},"end":{"line":91,"column":7}},{"start":{},"end":{}}],"line":89},"20":{"loc":{"start":{"line":99,"column":19},"end":{"line":99,"column":35}},"type":"default-arg","locations":[{"start":{"line":99,"column":31},"end":{"line":99,"column":35}}],"line":99},"21":{"loc":{"start":{"line":100,"column":4},"end":{"line":110,"column":5}},"type":"if","locations":[{"start":{"line":100,"column":4},"end":{"line":110,"column":5}},{"start":{},"end":{}}],"line":100},"22":{"loc":{"start":{"line":107,"column":6},"end":{"line":109,"column":7}},"type":"if","locations":[{"start":{"line":107,"column":6},"end":{"line":109,"column":7}},{"start":{},"end":{}}],"line":107},"23":{"loc":{"start":{"line":118,"column":4},"end":{"line":120,"column":5}},"type":"if","locations":[{"start":{"line":118,"column":4},"end":{"line":120,"column":5}},{"start":{},"end":{}}],"line":118},"24":{"loc":{"start":{"line":118,"column":8},"end":{"line":118,"column":35}},"type":"binary-expr","locations":[{"start":{"line":118,"column":8},"end":{"line":118,"column":13}},{"start":{"line":118,"column":17},"end":{"line":118,"column":35}}],"line":118},"25":{"loc":{"start":{"line":128,"column":4},"end":{"line":130,"column":5}},"type":"if","locations":[{"start":{"line":128,"column":4},"end":{"line":130,"column":5}},{"start":{},"end":{}}],"line":128},"26":{"loc":{"start":{"line":128,"column":8},"end":{"line":128,"column":35}},"type":"binary-expr","locations":[{"start":{"line":128,"column":8},"end":{"line":128,"column":13}},{"start":{"line":128,"column":17},"end":{"line":128,"column":35}}],"line":128},"27":{"loc":{"start":{"line":138,"column":4},"end":{"line":140,"column":5}},"type":"if","locations":[{"start":{"line":138,"column":4},"end":{"line":140,"column":5}},{"start":{},"end":{}}],"line":138},"28":{"loc":{"start":{"line":138,"column":8},"end":{"line":138,"column":72}},"type":"binary-expr","locations":[{"start":{"line":138,"column":8},"end":{"line":138,"column":27}},{"start":{"line":138,"column":31},"end":{"line":138,"column":45}},{"start":{"line":138,"column":49},"end":{"line":138,"column":72}}],"line":138},"29":{"loc":{"start":{"line":148,"column":4},"end":{"line":150,"column":5}},"type":"if","locations":[{"start":{"line":148,"column":4},"end":{"line":150,"column":5}},{"start":{},"end":{}}],"line":148},"30":{"loc":{"start":{"line":148,"column":8},"end":{"line":148,"column":72}},"type":"binary-expr","locations":[{"start":{"line":148,"column":8},"end":{"line":148,"column":27}},{"start":{"line":148,"column":31},"end":{"line":148,"column":45}},{"start":{"line":148,"column":49},"end":{"line":148,"column":72}}],"line":148},"31":{"loc":{"start":{"line":158,"column":4},"end":{"line":160,"column":5}},"type":"if","locations":[{"start":{"line":158,"column":4},"end":{"line":160,"column":5}},{"start":{},"end":{}}],"line":158},"32":{"loc":{"start":{"line":158,"column":8},"end":{"line":158,"column":73}},"type":"binary-expr","locations":[{"start":{"line":158,"column":8},"end":{"line":158,"column":27}},{"start":{"line":158,"column":31},"end":{"line":158,"column":45}},{"start":{"line":158,"column":49},"end":{"line":158,"column":73}}],"line":158},"33":{"loc":{"start":{"line":168,"column":4},"end":{"line":170,"column":5}},"type":"if","locations":[{"start":{"line":168,"column":4},"end":{"line":170,"column":5}},{"start":{},"end":{}}],"line":168},"34":{"loc":{"start":{"line":168,"column":8},"end":{"line":168,"column":85}},"type":"binary-expr","locations":[{"start":{"line":168,"column":8},"end":{"line":168,"column":27}},{"start":{"line":168,"column":31},"end":{"line":168,"column":45}},{"start":{"line":168,"column":49},"end":{"line":168,"column":85}}],"line":168},"35":{"loc":{"start":{"line":178,"column":4},"end":{"line":180,"column":5}},"type":"if","locations":[{"start":{"line":178,"column":4},"end":{"line":180,"column":5}},{"start":{},"end":{}}],"line":178},"36":{"loc":{"start":{"line":178,"column":8},"end":{"line":178,"column":71}},"type":"binary-expr","locations":[{"start":{"line":178,"column":8},"end":{"line":178,"column":27}},{"start":{"line":178,"column":31},"end":{"line":178,"column":45}},{"start":{"line":178,"column":49},"end":{"line":178,"column":71}}],"line":178},"37":{"loc":{"start":{"line":188,"column":4},"end":{"line":190,"column":5}},"type":"if","locations":[{"start":{"line":188,"column":4},"end":{"line":190,"column":5}},{"start":{},"end":{}}],"line":188},"38":{"loc":{"start":{"line":188,"column":8},"end":{"line":188,"column":47}},"type":"binary-expr","locations":[{"start":{"line":188,"column":8},"end":{"line":188,"column":13}},{"start":{"line":188,"column":17},"end":{"line":188,"column":47}}],"line":188},"39":{"loc":{"start":{"line":197,"column":21},"end":{"line":197,"column":39}},"type":"default-arg","locations":[{"start":{"line":197,"column":33},"end":{"line":197,"column":39}}],"line":197},"40":{"loc":{"start":{"line":198,"column":4},"end":{"line":203,"column":5}},"type":"if","locations":[{"start":{"line":198,"column":4},"end":{"line":203,"column":5}},{"start":{},"end":{}}],"line":198},"41":{"loc":{"start":{"line":200,"column":6},"end":{"line":202,"column":7}},"type":"if","locations":[{"start":{"line":200,"column":6},"end":{"line":202,"column":7}},{"start":{},"end":{}}],"line":200},"42":{"loc":{"start":{"line":210,"column":20},"end":{"line":210,"column":37}},"type":"default-arg","locations":[{"start":{"line":210,"column":32},"end":{"line":210,"column":37}}],"line":210},"43":{"loc":{"start":{"line":211,"column":4},"end":{"line":217,"column":5}},"type":"if","locations":[{"start":{"line":211,"column":4},"end":{"line":217,"column":5}},{"start":{},"end":{}}],"line":211},"44":{"loc":{"start":{"line":232,"column":10},"end":{"line":239,"column":11}},"type":"if","locations":[{"start":{"line":232,"column":10},"end":{"line":239,"column":11}},{"start":{"line":234,"column":17},"end":{"line":239,"column":11}}],"line":232},"45":{"loc":{"start":{"line":234,"column":17},"end":{"line":239,"column":11}},"type":"if","locations":[{"start":{"line":234,"column":17},"end":{"line":239,"column":11}},{"start":{"line":236,"column":17},"end":{"line":239,"column":11}}],"line":234},"46":{"loc":{"start":{"line":236,"column":17},"end":{"line":239,"column":11}},"type":"if","locations":[{"start":{"line":236,"column":17},"end":{"line":239,"column":11}},{"start":{},"end":{}}],"line":236},"47":{"loc":{"start":{"line":246,"column":4},"end":{"line":248,"column":5}},"type":"if","locations":[{"start":{"line":246,"column":4},"end":{"line":248,"column":5}},{"start":{},"end":{}}],"line":246}},"s":{"0":0,"1":0,"2":0,"3":0,"4":0,"5":0,"6":0,"7":0,"8":0,"9":0,"10":0,"11":0,"12":0,"13":0,"14":0,"15":0,"16":0,"17":0,"18":0,"19":0,"20":0,"21":0,"22":0,"23":0,"24":0,"25":0,"26":0,"27":0,"28":0,"29":0,"30":0,"31":0,"32":0,"33":0,"34":0,"35":0,"36":0,"37":0,"38":0,"39":0,"40":0,"41":0,"42":0,"43":0,"44":0,"45":0,"46":0,"47":0,"48":0,"49":0,"50":0,"51":0,"52":0,"53":0,"54":0,"55":0,"56":0,"57":0,"58":0,"59":0,"60":0,"61":0,"62":0,"63":0,"64":0,"65":0,"66":0,"67":0,"68":0,"69":0,"70":0,"71":0,"72":0,"73":0,"74":0,"75":0,"76":0,"77":0,"78":0,"79":0,"80":0,"81":0,"82":0,"83":0,"84":0,"85":0,"86":0,"87":0,"88":0,"89":0,"90":0,"91":0,"92":0,"93":0,"94":0,"95":0,"96":0,"97":0},"f":{"0":0,"1":0,"2":0,"3":0,"4":0,"5":0,"6":0,"7":0,"8":0,"9":0,"10":0,"11":0,"12":0,"13":0,"14":0,"15":0,"16":0,"17":0,"18":0},"b":{"0":[0,0],"1":[0,0,0],"2":[0],"3":[0,0],"4":[0,0],"5":[0],"6":[0,0],"7":[0,0],"8":[0,0],"9":[0,0],"10":[0,0],"11":[0,0],"12":[0,0],"13":[0],"14":[0,0],"15":[0,0],"16":[0,0],"17":[0],"18":[0,0],"19":[0,0],"20":[0],"21":[0,0],"22":[0,0],"23":[0,0],"24":[0,0],"25":[0,0],"26":[0,0],"27":[0,0],"28":[0,0,0],"29":[0,0],"30":[0,0,0],"31":[0,0],"32":[0,0,0],"33":[0,0],"34":[0,0,0],"35":[0,0],"36":[0,0,0],"37":[0,0],"38":[0,0],"39":[0],"40":[0,0],"41":[0,0],"42":[0],"43":[0,0],"44":[0,0],"45":[0,0],"46":[0,0],"47":[0,0]},"inputSourceMap":null}
}
