TN:
SF:src\responses.js
FN:2,(anonymous_0)
FN:9,(anonymous_1)
FN:16,(anonymous_2)
FN:22,(anonymous_3)
FN:28,(anonymous_4)
FN:34,(anonymous_5)
FN:40,(anonymous_6)
FNF:7
FNH:0
FNDA:0,(anonymous_0)
FNDA:0,(anonymous_1)
FNDA:0,(anonymous_2)
FNDA:0,(anonymous_3)
FNDA:0,(anonymous_4)
FNDA:0,(anonymous_5)
FNDA:0,(anonymous_6)
DA:1,0
DA:3,0
DA:10,0
DA:17,0
DA:23,0
DA:29,0
DA:35,0
DA:41,0
LF:8
LH:0
BRF:0
BRH:0
end_of_record
TN:
SF:src\server.js
FN:19,startServer
FN:43,(anonymous_1)
FN:57,(anonymous_2)
FN:62,(anonymous_3)
FNF:4
FNH:0
FNDA:0,startServer
FNDA:0,(anonymous_1)
FNDA:0,(anonymous_2)
FNDA:0,(anonymous_3)
DA:8,0
DA:10,0
DA:20,0
DA:21,0
DA:24,0
DA:25,0
DA:26,0
DA:29,0
DA:30,0
DA:31,0
DA:34,0
DA:35,0
DA:36,0
DA:38,0
DA:39,0
DA:43,0
DA:44,0
DA:45,0
DA:46,0
DA:47,0
DA:51,0
DA:52,0
DA:57,0
DA:58,0
DA:59,0
DA:62,0
DA:63,0
DA:64,0
DA:68,0
LF:29
LH:0
BRDA:10,0,0,0
BRDA:10,0,1,0
BRDA:45,1,0,0
BRDA:45,1,1,0
BRDA:46,2,0,0
BRDA:46,2,1,0
BRF:6
BRH:0
end_of_record
TN:
SF:src\config\app.js
FNF:0
FNH:0
DA:11,0
DA:13,0
LF:2
LH:0
BRDA:16,0,0,0
BRDA:16,0,1,0
BRDA:17,1,0,0
BRDA:17,1,1,0
BRDA:18,2,0,0
BRDA:18,2,1,0
BRDA:26,3,0,0
BRDA:26,3,1,0
BRDA:27,4,0,0
BRDA:27,4,1,0
BRDA:28,5,0,0
BRDA:28,5,1,0
BRDA:29,6,0,0
BRDA:29,6,1,0
BRDA:30,7,0,0
BRDA:30,7,1,0
BRDA:34,8,0,0
BRDA:34,8,1,0
BRDA:35,9,0,0
BRDA:35,9,1,0
BRDA:36,10,0,0
BRDA:36,10,1,0
BRDA:37,11,0,0
BRDA:37,11,1,0
BRDA:43,12,0,0
BRDA:43,12,1,0
BRDA:44,13,0,0
BRDA:44,13,1,0
BRDA:45,14,0,0
BRDA:45,14,1,0
BRDA:46,15,0,0
BRDA:46,15,1,0
BRDA:51,16,0,0
BRDA:51,16,1,0
BRDA:59,17,0,0
BRDA:59,17,1,0
BRDA:60,18,0,0
BRDA:60,18,1,0
BRDA:66,19,0,0
BRDA:66,19,1,0
BRDA:74,20,0,0
BRDA:74,20,1,0
BRDA:80,21,0,0
BRDA:80,21,1,0
BRDA:84,22,0,0
BRDA:84,22,1,0
BRDA:89,23,0,0
BRDA:89,23,1,0
BRDA:90,24,0,0
BRDA:90,24,1,0
BRDA:95,25,0,0
BRDA:95,25,1,0
BRDA:96,26,0,0
BRDA:96,26,1,0
BRDA:97,27,0,0
BRDA:97,27,1,0
BRDA:98,28,0,0
BRDA:98,28,1,0
BRDA:103,29,0,0
BRDA:103,29,1,0
BRDA:104,30,0,0
BRDA:104,30,1,0
BRDA:109,31,0,0
BRDA:109,31,1,0
BRDA:110,32,0,0
BRDA:110,32,1,0
BRDA:111,33,0,0
BRDA:111,33,1,0
BRF:68
BRH:0
end_of_record
TN:
SF:src\config\swagger.js
FNF:0
FNH:0
DA:10,0
DA:344,0
LF:2
LH:0
BRF:0
BRH:0
end_of_record
TN:
SF:src\controllers\AddressController.js
FN:14,(anonymous_0)
FN:23,(anonymous_1)
FN:42,(anonymous_2)
FN:68,(anonymous_3)
FN:131,(anonymous_4)
FN:173,(anonymous_5)
FN:207,(anonymous_6)
FN:242,(anonymous_7)
FN:264,(anonymous_8)
FN:293,(anonymous_9)
FN:328,(anonymous_10)
FN:362,(anonymous_11)
FN:405,(anonymous_12)
FN:430,(anonymous_13)
FNF:14
FNH:0
FNDA:0,(anonymous_0)
FNDA:0,(anonymous_1)
FNDA:0,(anonymous_2)
FNDA:0,(anonymous_3)
FNDA:0,(anonymous_4)
FNDA:0,(anonymous_5)
FNDA:0,(anonymous_6)
FNDA:0,(anonymous_7)
FNDA:0,(anonymous_8)
FNDA:0,(anonymous_9)
FNDA:0,(anonymous_10)
FNDA:0,(anonymous_11)
FNDA:0,(anonymous_12)
FNDA:0,(anonymous_13)
DA:15,0
DA:16,0
DA:17,0
DA:24,0
DA:25,0
DA:27,0
DA:32,0
DA:35,0
DA:43,0
DA:44,0
DA:45,0
DA:47,0
DA:48,0
DA:50,0
DA:54,0
DA:55,0
DA:58,0
DA:61,0
DA:69,0
DA:70,0
DA:83,0
DA:86,0
DA:87,0
DA:88,0
DA:89,0
DA:90,0
DA:91,0
DA:94,0
DA:95,0
DA:98,0
DA:99,0
DA:106,0
DA:121,0
DA:124,0
DA:132,0
DA:133,0
DA:134,0
DA:135,0
DA:137,0
DA:138,0
DA:140,0
DA:144,0
DA:145,0
DA:149,0
DA:150,0
DA:153,0
DA:154,0
DA:161,0
DA:163,0
DA:166,0
DA:174,0
DA:175,0
DA:176,0
DA:178,0
DA:179,0
DA:181,0
DA:185,0
DA:186,0
DA:190,0
DA:191,0
DA:192,0
DA:195,0
DA:197,0
DA:200,0
DA:208,0
DA:209,0
DA:210,0
DA:212,0
DA:213,0
DA:215,0
DA:219,0
DA:220,0
DA:224,0
DA:230,0
DA:232,0
DA:235,0
DA:243,0
DA:244,0
DA:246,0
DA:250,0
DA:251,0
DA:254,0
DA:257,0
DA:265,0
DA:266,0
DA:268,0
DA:269,0
DA:271,0
DA:283,0
DA:286,0
DA:294,0
DA:295,0
DA:296,0
DA:297,0
DA:298,0
DA:300,0
DA:302,0
DA:318,0
DA:321,0
DA:329,0
DA:330,0
DA:331,0
DA:332,0
DA:333,0
DA:335,0
DA:336,0
DA:338,0
DA:352,0
DA:355,0
DA:363,0
DA:370,0
DA:385,0
DA:395,0
DA:398,0
DA:406,0
DA:407,0
DA:409,0
DA:410,0
DA:414,0
DA:416,0
DA:423,0
DA:431,0
DA:432,0
DA:433,0
DA:434,0
DA:435,0
DA:437,0
DA:439,0
DA:440,0
DA:441,0
DA:444,0
DA:458,0
DA:461,0
LF:133
LH:0
BRDA:54,0,0,0
BRDA:54,0,1,0
BRDA:79,1,0,0
BRDA:80,2,0,0
BRDA:81,3,0,0
BRDA:98,4,0,0
BRDA:98,4,1,0
BRDA:144,5,0,0
BRDA:144,5,1,0
BRDA:149,6,0,0
BRDA:149,6,1,0
BRDA:150,7,0,0
BRDA:150,7,1,0
BRDA:153,8,0,0
BRDA:153,8,1,0
BRDA:185,9,0,0
BRDA:185,9,1,0
BRDA:191,10,0,0
BRDA:191,10,1,0
BRDA:219,11,0,0
BRDA:219,11,1,0
BRDA:250,12,0,0
BRDA:250,12,1,0
BRDA:296,13,0,0
BRDA:296,13,1,0
BRDA:297,14,0,0
BRDA:297,14,1,0
BRDA:331,15,0,0
BRDA:331,15,1,0
BRDA:332,16,0,0
BRDA:332,16,1,0
BRDA:419,17,0,0
BRDA:419,17,1,0
BRDA:433,18,0,0
BRDA:433,18,1,0
BRDA:434,19,0,0
BRDA:434,19,1,0
BRDA:440,20,0,0
BRDA:440,20,1,0
BRF:39
BRH:0
end_of_record
TN:
SF:src\controllers\AuthController.js
FN:18,(anonymous_0)
FN:27,(anonymous_1)
FN:122,(anonymous_2)
FN:186,(anonymous_3)
FN:208,(anonymous_4)
FN:263,(anonymous_5)
FN:300,(anonymous_6)
FN:339,(anonymous_7)
FN:388,(anonymous_8)
FN:403,(anonymous_9)
FN:425,(anonymous_10)
FN:447,(anonymous_11)
FN:469,(anonymous_12)
FN:496,(anonymous_13)
FNF:14
FNH:0
FNDA:0,(anonymous_0)
FNDA:0,(anonymous_1)
FNDA:0,(anonymous_2)
FNDA:0,(anonymous_3)
FNDA:0,(anonymous_4)
FNDA:0,(anonymous_5)
FNDA:0,(anonymous_6)
FNDA:0,(anonymous_7)
FNDA:0,(anonymous_8)
FNDA:0,(anonymous_9)
FNDA:0,(anonymous_10)
FNDA:0,(anonymous_11)
FNDA:0,(anonymous_12)
FNDA:0,(anonymous_13)
DA:19,0
DA:20,0
DA:21,0
DA:28,0
DA:40,0
DA:43,0
DA:44,0
DA:45,0
DA:46,0
DA:47,0
DA:48,0
DA:49,0
DA:52,0
DA:53,0
DA:54,0
DA:55,0
DA:58,0
DA:59,0
DA:60,0
DA:64,0
DA:65,0
DA:66,0
DA:70,0
DA:71,0
DA:72,0
DA:76,0
DA:79,0
DA:95,0
DA:106,0
DA:107,0
DA:109,0
DA:115,0
DA:123,0
DA:124,0
DA:127,0
DA:128,0
DA:129,0
DA:132,0
DA:137,0
DA:138,0
DA:142,0
DA:143,0
DA:147,0
DA:148,0
DA:149,0
DA:153,0
DA:159,0
DA:170,0
DA:171,0
DA:173,0
DA:179,0
DA:187,0
DA:188,0
DA:190,0
DA:194,0
DA:195,0
DA:198,0
DA:201,0
DA:209,0
DA:210,0
DA:218,0
DA:220,0
DA:221,0
DA:222,0
DA:226,0
DA:227,0
DA:230,0
DA:233,0
DA:234,0
DA:239,0
DA:240,0
DA:241,0
DA:242,0
DA:243,0
DA:244,0
DA:245,0
DA:247,0
DA:250,0
DA:251,0
DA:253,0
DA:256,0
DA:264,0
DA:265,0
DA:266,0
DA:269,0
DA:270,0
DA:271,0
DA:273,0
DA:274,0
DA:275,0
DA:279,0
DA:280,0
DA:281,0
DA:285,0
DA:288,0
DA:290,0
DA:293,0
DA:301,0
DA:302,0
DA:304,0
DA:305,0
DA:307,0
DA:308,0
DA:310,0
DA:314,0
DA:321,0
DA:327,0
DA:329,0
DA:332,0
DA:340,0
DA:341,0
DA:343,0
DA:344,0
DA:345,0
DA:348,0
DA:350,0
DA:358,0
DA:359,0
DA:363,0
DA:366,0
DA:372,0
DA:375,0
DA:376,0
DA:378,0
DA:379,0
DA:381,0
DA:389,0
DA:393,0
DA:396,0
DA:404,0
DA:405,0
DA:407,0
DA:408,0
DA:410,0
DA:412,0
DA:418,0
DA:426,0
DA:427,0
DA:429,0
DA:430,0
DA:432,0
DA:434,0
DA:440,0
DA:448,0
DA:449,0
DA:451,0
DA:452,0
DA:454,0
DA:456,0
DA:462,0
DA:470,0
DA:471,0
DA:473,0
DA:474,0
DA:476,0
DA:477,0
DA:478,0
DA:481,0
DA:486,0
DA:489,0
DA:497,0
DA:498,0
DA:500,0
DA:501,0
DA:503,0
DA:504,0
DA:505,0
DA:508,0
DA:513,0
DA:516,0
LF:170
LH:0
BRDA:20,0,0,0
BRDA:20,0,1,0
BRDA:21,1,0,0
BRDA:21,1,1,0
BRDA:37,2,0,0
BRDA:38,3,0,0
BRDA:39,4,0,0
BRDA:59,5,0,0
BRDA:59,5,1,0
BRDA:65,6,0,0
BRDA:65,6,1,0
BRDA:71,7,0,0
BRDA:71,7,1,0
BRDA:137,8,0,0
BRDA:137,8,1,0
BRDA:142,9,0,0
BRDA:142,9,1,0
BRDA:148,10,0,0
BRDA:148,10,1,0
BRDA:194,11,0,0
BRDA:194,11,1,0
BRDA:221,12,0,0
BRDA:221,12,1,0
BRDA:226,13,0,0
BRDA:226,13,1,0
BRDA:226,14,0,0
BRDA:226,14,1,0
BRDA:233,15,0,0
BRDA:233,15,1,0
BRDA:240,16,0,0
BRDA:240,16,1,0
BRDA:241,17,0,0
BRDA:241,17,1,0
BRDA:242,18,0,0
BRDA:242,18,1,0
BRDA:243,19,0,0
BRDA:243,19,1,0
BRDA:244,20,0,0
BRDA:244,20,1,0
BRDA:245,21,0,0
BRDA:245,21,1,0
BRDA:274,22,0,0
BRDA:274,22,1,0
BRDA:280,23,0,0
BRDA:280,23,1,0
BRDA:308,24,0,0
BRDA:308,24,1,0
BRDA:358,25,0,0
BRDA:358,25,1,0
BRDA:375,26,0,0
BRDA:375,26,1,0
BRDA:378,27,0,0
BRDA:378,27,1,0
BRDA:477,28,0,0
BRDA:477,28,1,0
BRDA:504,29,0,0
BRDA:504,29,1,0
BRF:57
BRH:0
end_of_record
TN:
SF:src\controllers\BaseController.js
FN:13,(anonymous_0)
FN:21,(anonymous_1)
FN:64,(anonymous_2)
FN:88,(anonymous_3)
FN:109,(anonymous_4)
FN:141,(anonymous_5)
FN:167,(anonymous_6)
FN:190,(anonymous_7)
FN:206,(anonymous_8)
FNF:9
FNH:0
FNDA:0,(anonymous_0)
FNDA:0,(anonymous_1)
FNDA:0,(anonymous_2)
FNDA:0,(anonymous_3)
FNDA:0,(anonymous_4)
FNDA:0,(anonymous_5)
FNDA:0,(anonymous_6)
FNDA:0,(anonymous_7)
FNDA:0,(anonymous_8)
DA:14,0
DA:15,0
DA:22,0
DA:23,0
DA:24,0
DA:25,0
DA:28,0
DA:35,0
DA:36,0
DA:45,0
DA:46,0
DA:52,0
DA:54,0
DA:57,0
DA:65,0
DA:66,0
DA:69,0
DA:70,0
DA:72,0
DA:74,0
DA:75,0
DA:78,0
DA:81,0
DA:89,0
DA:90,0
DA:93,0
DA:94,0
DA:97,0
DA:99,0
DA:102,0
DA:110,0
DA:111,0
DA:112,0
DA:115,0
DA:116,0
DA:119,0
DA:120,0
DA:123,0
DA:125,0
DA:126,0
DA:129,0
DA:131,0
DA:134,0
DA:142,0
DA:143,0
DA:146,0
DA:147,0
DA:149,0
DA:151,0
DA:152,0
DA:155,0
DA:157,0
DA:160,0
DA:168,0
DA:169,0
DA:171,0
DA:172,0
DA:175,0
DA:180,0
DA:183,0
DA:191,0
DA:192,0
DA:194,0
DA:196,0
DA:199,0
DA:207,0
DA:208,0
DA:209,0
DA:211,0
DA:212,0
DA:214,0
DA:218,0
DA:219,0
DA:222,0
DA:224,0
DA:225,0
DA:228,0
DA:231,0
LF:78
LH:0
BRDA:23,0,0,0
BRDA:23,0,1,0
BRDA:24,1,0,0
BRDA:24,1,1,0
BRDA:35,2,0,0
BRDA:35,2,1,0
BRDA:45,3,0,0
BRDA:45,3,1,0
BRDA:74,4,0,0
BRDA:74,4,1,0
BRDA:93,5,0,0
BRDA:93,5,1,0
BRDA:93,6,0,0
BRDA:93,6,1,0
BRDA:119,7,0,0
BRDA:119,7,1,0
BRDA:119,8,0,0
BRDA:119,8,1,0
BRDA:125,9,0,0
BRDA:125,9,1,0
BRDA:151,10,0,0
BRDA:151,10,1,0
BRDA:171,11,0,0
BRDA:171,11,1,0
BRDA:171,12,0,0
BRDA:171,12,1,0
BRDA:192,13,0,0
BRDA:192,13,1,0
BRDA:218,14,0,0
BRDA:218,14,1,0
BRDA:224,15,0,0
BRDA:224,15,1,0
BRF:32
BRH:0
end_of_record
TN:
SF:src\controllers\BookController.js
FN:14,(anonymous_0)
FN:22,(anonymous_1)
FN:88,(anonymous_2)
FN:114,(anonymous_3)
FN:201,(anonymous_4)
FN:242,(anonymous_5)
FN:268,(anonymous_6)
FN:288,(anonymous_7)
FN:308,(anonymous_8)
FN:328,(anonymous_9)
FN:363,(anonymous_10)
FN:392,(anonymous_11)
FN:437,(anonymous_12)
FN:475,(anonymous_13)
FN:522,(anonymous_14)
FNF:15
FNH:0
FNDA:0,(anonymous_0)
FNDA:0,(anonymous_1)
FNDA:0,(anonymous_2)
FNDA:0,(anonymous_3)
FNDA:0,(anonymous_4)
FNDA:0,(anonymous_5)
FNDA:0,(anonymous_6)
FNDA:0,(anonymous_7)
FNDA:0,(anonymous_8)
FNDA:0,(anonymous_9)
FNDA:0,(anonymous_10)
FNDA:0,(anonymous_11)
FNDA:0,(anonymous_12)
FNDA:0,(anonymous_13)
FNDA:0,(anonymous_14)
DA:15,0
DA:16,0
DA:23,0
DA:24,0
DA:25,0
DA:26,0
DA:40,0
DA:43,0
DA:45,0
DA:46,0
DA:54,0
DA:55,0
DA:56,0
DA:57,0
DA:58,0
DA:59,0
DA:62,0
DA:63,0
DA:64,0
DA:65,0
DA:69,0
DA:76,0
DA:78,0
DA:81,0
DA:89,0
DA:90,0
DA:92,0
DA:93,0
DA:95,0
DA:97,0
DA:98,0
DA:102,0
DA:104,0
DA:107,0
DA:115,0
DA:141,0
DA:144,0
DA:145,0
DA:146,0
DA:147,0
DA:150,0
DA:151,0
DA:152,0
DA:153,0
DA:156,0
DA:157,0
DA:158,0
DA:159,0
DA:164,0
DA:191,0
DA:194,0
DA:202,0
DA:203,0
DA:204,0
DA:206,0
DA:207,0
DA:209,0
DA:210,0
DA:211,0
DA:215,0
DA:216,0
DA:217,0
DA:220,0
DA:221,0
DA:225,0
DA:226,0
DA:227,0
DA:230,0
DA:232,0
DA:235,0
DA:243,0
DA:244,0
DA:245,0
DA:246,0
DA:247,0
DA:249,0
DA:251,0
DA:258,0
DA:261,0
DA:269,0
DA:270,0
DA:272,0
DA:278,0
DA:281,0
DA:289,0
DA:290,0
DA:292,0
DA:298,0
DA:301,0
DA:309,0
DA:310,0
DA:312,0
DA:318,0
DA:321,0
DA:329,0
DA:330,0
DA:331,0
DA:332,0
DA:333,0
DA:335,0
DA:336,0
DA:339,0
DA:341,0
DA:353,0
DA:356,0
DA:364,0
DA:365,0
DA:366,0
DA:367,0
DA:368,0
DA:370,0
DA:372,0
DA:382,0
DA:385,0
DA:393,0
DA:394,0
DA:395,0
DA:397,0
DA:398,0
DA:399,0
DA:400,0
DA:402,0
DA:403,0
DA:404,0
DA:408,0
DA:410,0
DA:411,0
DA:413,0
DA:414,0
DA:416,0
DA:417,0
DA:418,0
DA:420,0
DA:422,0
DA:425,0
DA:427,0
DA:430,0
DA:438,0
DA:439,0
DA:440,0
DA:442,0
DA:443,0
DA:444,0
DA:445,0
DA:447,0
DA:448,0
DA:451,0
DA:452,0
DA:453,0
DA:457,0
DA:458,0
DA:460,0
DA:465,0
DA:468,0
DA:476,0
DA:486,0
DA:497,0
DA:512,0
DA:515,0
DA:523,0
DA:524,0
DA:525,0
DA:527,0
DA:528,0
DA:530,0
DA:531,0
DA:532,0
DA:535,0
DA:549,0
DA:552,0
LF:170
LH:0
BRDA:24,0,0,0
BRDA:24,0,1,0
BRDA:25,1,0,0
BRDA:25,1,1,0
BRDA:38,2,0,0
BRDA:39,3,0,0
BRDA:45,4,0,0
BRDA:45,4,1,0
BRDA:54,5,0,0
BRDA:54,5,1,0
BRDA:55,6,0,0
BRDA:55,6,1,0
BRDA:56,7,0,0
BRDA:56,7,1,0
BRDA:57,8,0,0
BRDA:57,8,1,0
BRDA:58,9,0,0
BRDA:58,9,1,0
BRDA:59,10,0,0
BRDA:59,10,1,0
BRDA:62,11,0,0
BRDA:62,11,1,0
BRDA:62,12,0,0
BRDA:62,12,1,0
BRDA:64,13,0,0
BRDA:64,13,1,0
BRDA:65,14,0,0
BRDA:65,14,1,0
BRDA:97,15,0,0
BRDA:97,15,1,0
BRDA:125,16,0,0
BRDA:126,17,0,0
BRDA:131,18,0,0
BRDA:134,19,0,0
BRDA:135,20,0,0
BRDA:136,21,0,0
BRDA:137,22,0,0
BRDA:138,23,0,0
BRDA:150,24,0,0
BRDA:150,24,1,0
BRDA:151,25,0,0
BRDA:151,25,1,0
BRDA:152,26,0,0
BRDA:152,26,1,0
BRDA:153,27,0,0
BRDA:153,27,1,0
BRDA:156,28,0,0
BRDA:156,28,1,0
BRDA:158,29,0,0
BRDA:158,29,1,0
BRDA:210,30,0,0
BRDA:210,30,1,0
BRDA:215,31,0,0
BRDA:215,31,1,0
BRDA:215,32,0,0
BRDA:215,32,1,0
BRDA:220,33,0,0
BRDA:220,33,1,0
BRDA:225,34,0,0
BRDA:225,34,1,0
BRDA:226,35,0,0
BRDA:226,35,1,0
BRDA:227,36,0,0
BRDA:227,36,1,0
BRDA:245,37,0,0
BRDA:245,37,1,0
BRDA:246,38,0,0
BRDA:246,38,1,0
BRDA:270,39,0,0
BRDA:270,39,1,0
BRDA:290,40,0,0
BRDA:290,40,1,0
BRDA:310,41,0,0
BRDA:310,41,1,0
BRDA:331,42,0,0
BRDA:331,42,1,0
BRDA:332,43,0,0
BRDA:332,43,1,0
BRDA:335,44,0,0
BRDA:335,44,1,0
BRDA:366,45,0,0
BRDA:366,45,1,0
BRDA:367,46,0,0
BRDA:367,46,1,0
BRDA:395,47,0,0
BRDA:403,48,0,0
BRDA:403,48,1,0
BRDA:408,49,0,0
BRDA:408,49,1,0
BRDA:408,49,2,0
BRDA:408,49,3,0
BRDA:417,50,0,0
BRDA:417,50,1,0
BRDA:447,51,0,0
BRDA:447,51,1,0
BRDA:447,52,0,0
BRDA:447,52,1,0
BRDA:452,53,0,0
BRDA:452,53,1,0
BRDA:525,54,0,0
BRDA:525,54,1,0
BRDA:531,55,0,0
BRDA:531,55,1,0
BRF:103
BRH:0
end_of_record
TN:
SF:src\controllers\EmailController.js
FN:14,(anonymous_0)
FN:21,(anonymous_1)
FN:38,(anonymous_2)
FN:50,(anonymous_3)
FN:87,(anonymous_4)
FN:99,(anonymous_5)
FN:132,(anonymous_6)
FN:165,(anonymous_7)
FN:189,(anonymous_8)
FNF:9
FNH:0
FNDA:0,(anonymous_0)
FNDA:0,(anonymous_1)
FNDA:0,(anonymous_2)
FNDA:0,(anonymous_3)
FNDA:0,(anonymous_4)
FNDA:0,(anonymous_5)
FNDA:0,(anonymous_6)
FNDA:0,(anonymous_7)
FNDA:0,(anonymous_8)
DA:15,0
DA:22,0
DA:23,0
DA:25,0
DA:26,0
DA:28,0
DA:31,0
DA:39,0
DA:40,0
DA:41,0
DA:43,0
DA:51,0
DA:52,0
DA:55,0
DA:56,0
DA:59,0
DA:60,0
DA:63,0
DA:64,0
DA:68,0
DA:78,0
DA:80,0
DA:88,0
DA:89,0
DA:90,0
DA:92,0
DA:100,0
DA:101,0
DA:104,0
DA:105,0
DA:108,0
DA:109,0
DA:114,0
DA:119,0
DA:121,0
DA:123,0
DA:125,0
DA:133,0
DA:134,0
DA:137,0
DA:138,0
DA:141,0
DA:142,0
DA:147,0
DA:152,0
DA:154,0
DA:156,0
DA:158,0
DA:166,0
DA:167,0
DA:170,0
DA:171,0
DA:174,0
DA:175,0
DA:178,0
DA:180,0
DA:182,0
DA:190,0
DA:191,0
DA:224,0
DA:226,0
LF:61
LH:0
BRDA:25,0,0,0
BRDA:25,0,1,0
BRDA:55,1,0,0
BRDA:55,1,1,0
BRDA:59,2,0,0
BRDA:59,2,1,0
BRDA:63,3,0,0
BRDA:63,3,1,0
BRDA:72,4,0,0
BRDA:72,4,1,0
BRDA:104,5,0,0
BRDA:104,5,1,0
BRDA:108,6,0,0
BRDA:108,6,1,0
BRDA:137,7,0,0
BRDA:137,7,1,0
BRDA:141,8,0,0
BRDA:141,8,1,0
BRDA:170,9,0,0
BRDA:170,9,1,0
BRDA:174,10,0,0
BRDA:174,10,1,0
BRF:22
BRH:0
end_of_record
TN:
SF:src\controllers\PurchaseController.js
FN:14,(anonymous_0)
FN:26,(anonymous_1)
FN:104,(anonymous_2)
FN:151,(anonymous_3)
FN:281,(anonymous_4)
FN:327,(anonymous_5)
FN:369,(anonymous_6)
FN:420,(anonymous_7)
FN:464,(anonymous_8)
FN:516,(anonymous_9)
FN:532,(anonymous_10)
FN:567,(anonymous_11)
FNF:12
FNH:0
FNDA:0,(anonymous_0)
FNDA:0,(anonymous_1)
FNDA:0,(anonymous_2)
FNDA:0,(anonymous_3)
FNDA:0,(anonymous_4)
FNDA:0,(anonymous_5)
FNDA:0,(anonymous_6)
FNDA:0,(anonymous_7)
FNDA:0,(anonymous_8)
FNDA:0,(anonymous_9)
FNDA:0,(anonymous_10)
FNDA:0,(anonymous_11)
DA:15,0
DA:16,0
DA:17,0
DA:18,0
DA:19,0
DA:20,0
DA:27,0
DA:28,0
DA:29,0
DA:30,0
DA:42,0
DA:45,0
DA:47,0
DA:48,0
DA:55,0
DA:56,0
DA:59,0
DA:60,0
DA:61,0
DA:62,0
DA:66,0
DA:67,0
DA:68,0
DA:69,0
DA:73,0
DA:92,0
DA:94,0
DA:97,0
DA:105,0
DA:106,0
DA:108,0
DA:109,0
DA:111,0
DA:137,0
DA:138,0
DA:141,0
DA:144,0
DA:152,0
DA:160,0
DA:163,0
DA:164,0
DA:165,0
DA:166,0
DA:167,0
DA:169,0
DA:170,0
DA:174,0
DA:175,0
DA:176,0
DA:180,0
DA:181,0
DA:182,0
DA:186,0
DA:187,0
DA:189,0
DA:190,0
DA:191,0
DA:192,0
DA:195,0
DA:196,0
DA:199,0
DA:200,0
DA:202,0
DA:213,0
DA:214,0
DA:217,0
DA:230,0
DA:231,0
DA:237,0
DA:238,0
DA:245,0
DA:271,0
DA:274,0
DA:282,0
DA:283,0
DA:284,0
DA:286,0
DA:287,0
DA:288,0
DA:290,0
DA:291,0
DA:292,0
DA:295,0
DA:296,0
DA:297,0
DA:301,0
DA:302,0
DA:307,0
DA:308,0
DA:315,0
DA:317,0
DA:320,0
DA:328,0
DA:329,0
DA:330,0
DA:331,0
DA:332,0
DA:334,0
DA:336,0
DA:337,0
DA:339,0
DA:359,0
DA:362,0
DA:370,0
DA:379,0
DA:396,0
DA:410,0
DA:413,0
DA:421,0
DA:422,0
DA:424,0
DA:425,0
DA:427,0
DA:454,0
DA:457,0
DA:465,0
DA:466,0
DA:467,0
DA:469,0
DA:470,0
DA:471,0
DA:472,0
DA:473,0
DA:474,0
DA:476,0
DA:477,0
DA:478,0
DA:481,0
DA:482,0
DA:485,0
DA:486,0
DA:487,0
DA:490,0
DA:491,0
DA:494,0
DA:495,0
DA:498,0
DA:509,0
DA:515,0
DA:516,0
DA:517,0
DA:518,0
DA:520,0
DA:522,0
DA:525,0
DA:533,0
DA:534,0
DA:536,0
DA:537,0
DA:538,0
DA:539,0
DA:541,0
DA:542,0
DA:543,0
DA:546,0
DA:547,0
DA:550,0
DA:551,0
DA:552,0
DA:556,0
DA:557,0
DA:563,0
DA:566,0
DA:567,0
DA:568,0
DA:569,0
DA:571,0
DA:573,0
DA:576,0
LF:169
LH:0
BRDA:28,0,0,0
BRDA:28,0,1,0
BRDA:29,1,0,0
BRDA:29,1,1,0
BRDA:40,2,0,0
BRDA:41,3,0,0
BRDA:47,4,0,0
BRDA:47,4,1,0
BRDA:55,5,0,0
BRDA:55,5,1,0
BRDA:56,6,0,0
BRDA:56,6,1,0
BRDA:59,7,0,0
BRDA:59,7,1,0
BRDA:59,8,0,0
BRDA:59,8,1,0
BRDA:61,9,0,0
BRDA:61,9,1,0
BRDA:62,10,0,0
BRDA:62,10,1,0
BRDA:66,11,0,0
BRDA:66,11,1,0
BRDA:66,12,0,0
BRDA:66,12,1,0
BRDA:68,13,0,0
BRDA:68,13,1,0
BRDA:69,14,0,0
BRDA:69,14,1,0
BRDA:137,15,0,0
BRDA:137,15,1,0
BRDA:157,16,0,0
BRDA:158,17,0,0
BRDA:169,18,0,0
BRDA:169,18,1,0
BRDA:169,19,0,0
BRDA:169,19,1,0
BRDA:175,20,0,0
BRDA:175,20,1,0
BRDA:181,21,0,0
BRDA:181,21,1,0
BRDA:191,22,0,0
BRDA:191,22,1,0
BRDA:195,23,0,0
BRDA:195,23,1,0
BRDA:207,24,0,0
BRDA:207,24,1,0
BRDA:208,25,0,0
BRDA:208,25,1,0
BRDA:213,26,0,0
BRDA:213,26,1,0
BRDA:240,27,0,0
BRDA:240,27,1,0
BRDA:291,28,0,0
BRDA:291,28,1,0
BRDA:296,29,0,0
BRDA:296,29,1,0
BRDA:301,30,0,0
BRDA:301,30,1,0
BRDA:301,31,0,0
BRDA:301,31,1,0
BRDA:330,32,0,0
BRDA:330,32,1,0
BRDA:331,33,0,0
BRDA:331,33,1,0
BRDA:337,34,0,0
BRDA:337,34,1,0
BRDA:405,35,0,0
BRDA:405,35,1,0
BRDA:406,36,0,0
BRDA:406,36,1,0
BRDA:467,37,0,0
BRDA:477,38,0,0
BRDA:477,38,1,0
BRDA:481,39,0,0
BRDA:481,39,1,0
BRDA:486,40,0,0
BRDA:486,40,1,0
BRDA:490,41,0,0
BRDA:490,41,1,0
BRDA:511,42,0,0
BRDA:511,42,1,0
BRDA:517,43,0,0
BRDA:517,43,1,0
BRDA:542,44,0,0
BRDA:542,44,1,0
BRDA:546,45,0,0
BRDA:546,45,1,0
BRDA:551,46,0,0
BRDA:551,46,1,0
BRDA:551,47,0,0
BRDA:551,47,1,0
BRDA:568,48,0,0
BRDA:568,48,1,0
BRF:93
BRH:0
end_of_record
TN:
SF:src\controllers\UserController.js
FN:14,(anonymous_0)
FN:24,(anonymous_1)
FN:98,(anonymous_2)
FN:148,(anonymous_3)
FN:232,(anonymous_4)
FN:300,(anonymous_5)
FN:339,(anonymous_6)
FN:378,(anonymous_7)
FN:405,(anonymous_8)
FN:432,(anonymous_9)
FN:485,(anonymous_10)
FN:509,(anonymous_11)
FNF:12
FNH:0
FNDA:0,(anonymous_0)
FNDA:0,(anonymous_1)
FNDA:0,(anonymous_2)
FNDA:0,(anonymous_3)
FNDA:0,(anonymous_4)
FNDA:0,(anonymous_5)
FNDA:0,(anonymous_6)
FNDA:0,(anonymous_7)
FNDA:0,(anonymous_8)
FNDA:0,(anonymous_9)
FNDA:0,(anonymous_10)
FNDA:0,(anonymous_11)
DA:15,0
DA:16,0
DA:17,0
DA:18,0
DA:25,0
DA:26,0
DA:27,0
DA:28,0
DA:37,0
DA:40,0
DA:42,0
DA:43,0
DA:51,0
DA:52,0
DA:53,0
DA:56,0
DA:65,0
DA:66,0
DA:67,0
DA:69,0
DA:70,0
DA:77,0
DA:78,0
DA:86,0
DA:88,0
DA:91,0
DA:99,0
DA:100,0
DA:102,0
DA:103,0
DA:105,0
DA:111,0
DA:112,0
DA:113,0
DA:115,0
DA:116,0
DA:123,0
DA:124,0
DA:132,0
DA:134,0
DA:135,0
DA:138,0
DA:141,0
DA:149,0
DA:165,0
DA:168,0
DA:169,0
DA:170,0
DA:171,0
DA:172,0
DA:175,0
DA:176,0
DA:177,0
DA:178,0
DA:181,0
DA:182,0
DA:183,0
DA:186,0
DA:187,0
DA:188,0
DA:191,0
DA:192,0
DA:193,0
DA:197,0
DA:198,0
DA:201,0
DA:219,0
DA:220,0
DA:222,0
DA:225,0
DA:233,0
DA:234,0
DA:235,0
DA:237,0
DA:238,0
DA:240,0
DA:241,0
DA:242,0
DA:246,0
DA:247,0
DA:248,0
DA:251,0
DA:252,0
DA:256,0
DA:257,0
DA:258,0
DA:261,0
DA:262,0
DA:266,0
DA:267,0
DA:268,0
DA:271,0
DA:272,0
DA:277,0
DA:278,0
DA:279,0
DA:280,0
DA:284,0
DA:287,0
DA:288,0
DA:290,0
DA:293,0
DA:301,0
DA:302,0
DA:303,0
DA:305,0
DA:306,0
DA:307,0
DA:309,0
DA:310,0
DA:311,0
DA:314,0
DA:315,0
DA:316,0
DA:320,0
DA:321,0
DA:324,0
DA:326,0
DA:327,0
DA:329,0
DA:332,0
DA:340,0
DA:341,0
DA:342,0
DA:344,0
DA:345,0
DA:346,0
DA:348,0
DA:349,0
DA:350,0
DA:353,0
DA:354,0
DA:355,0
DA:359,0
DA:360,0
DA:363,0
DA:365,0
DA:366,0
DA:368,0
DA:371,0
DA:379,0
DA:380,0
DA:382,0
DA:383,0
DA:385,0
DA:386,0
DA:387,0
DA:390,0
DA:395,0
DA:398,0
DA:406,0
DA:407,0
DA:409,0
DA:410,0
DA:412,0
DA:413,0
DA:414,0
DA:417,0
DA:422,0
DA:425,0
DA:433,0
DA:443,0
DA:460,0
DA:475,0
DA:478,0
DA:486,0
DA:487,0
DA:489,0
DA:490,0
DA:493,0
DA:499,0
DA:502,0
DA:510,0
DA:511,0
DA:513,0
DA:515,0
DA:521,0
DA:523,0
DA:526,0
DA:529,0
LF:180
LH:0
BRDA:26,0,0,0
BRDA:26,0,1,0
BRDA:27,1,0,0
BRDA:27,1,1,0
BRDA:35,2,0,0
BRDA:36,3,0,0
BRDA:42,4,0,0
BRDA:42,4,1,0
BRDA:51,5,0,0
BRDA:51,5,1,0
BRDA:52,6,0,0
BRDA:52,6,1,0
BRDA:53,7,0,0
BRDA:53,7,1,0
BRDA:65,8,0,0
BRDA:65,8,1,0
BRDA:69,9,0,0
BRDA:69,9,1,0
BRDA:77,10,0,0
BRDA:77,10,1,0
BRDA:111,11,0,0
BRDA:111,11,1,0
BRDA:115,12,0,0
BRDA:115,12,1,0
BRDA:123,13,0,0
BRDA:123,13,1,0
BRDA:134,14,0,0
BRDA:134,14,1,0
BRDA:156,15,0,0
BRDA:157,16,0,0
BRDA:160,17,0,0
BRDA:161,18,0,0
BRDA:162,19,0,0
BRDA:163,20,0,0
BRDA:164,21,0,0
BRDA:182,22,0,0
BRDA:182,22,1,0
BRDA:187,23,0,0
BRDA:187,23,1,0
BRDA:192,24,0,0
BRDA:192,24,1,0
BRDA:241,25,0,0
BRDA:241,25,1,0
BRDA:246,26,0,0
BRDA:246,26,1,0
BRDA:246,27,0,0
BRDA:246,27,1,0
BRDA:251,28,0,0
BRDA:251,28,1,0
BRDA:256,29,0,0
BRDA:256,29,1,0
BRDA:256,30,0,0
BRDA:256,30,1,0
BRDA:261,31,0,0
BRDA:261,31,1,0
BRDA:266,32,0,0
BRDA:266,32,1,0
BRDA:266,33,0,0
BRDA:266,33,1,0
BRDA:271,34,0,0
BRDA:271,34,1,0
BRDA:277,35,0,0
BRDA:277,35,1,0
BRDA:310,36,0,0
BRDA:310,36,1,0
BRDA:315,37,0,0
BRDA:315,37,1,0
BRDA:320,38,0,0
BRDA:320,38,1,0
BRDA:320,39,0,0
BRDA:320,39,1,0
BRDA:349,40,0,0
BRDA:349,40,1,0
BRDA:354,41,0,0
BRDA:354,41,1,0
BRDA:359,42,0,0
BRDA:359,42,1,0
BRDA:386,43,0,0
BRDA:386,43,1,0
BRDA:413,44,0,0
BRDA:413,44,1,0
BRDA:489,45,0,0
BRDA:489,45,1,0
BRDA:489,46,0,0
BRDA:489,46,1,0
BRDA:511,47,0,0
BRDA:513,48,0,0
BRDA:513,48,1,0
BRDA:521,49,0,0
BRDA:521,49,1,0
BRF:90
BRH:0
end_of_record
TN:
SF:src\database\connection.js
FN:21,(anonymous_0)
FNF:1
FNH:0
FNDA:0,(anonymous_0)
DA:3,0
DA:5,0
DA:6,0
DA:7,0
DA:8,0
DA:9,0
DA:11,0
DA:21,0
DA:22,0
DA:23,0
DA:24,0
DA:26,0
DA:30,0
LF:13
LH:0
BRF:0
BRH:0
end_of_record
TN:
SF:src\database\syncModels.js
FN:19,(anonymous_0)
FN:77,(anonymous_1)
FNF:2
FNH:0
FNDA:0,(anonymous_0)
FNDA:0,(anonymous_1)
DA:19,0
DA:20,0
DA:21,0
DA:24,0
DA:27,0
DA:28,0
DA:30,0
DA:32,0
DA:34,0
DA:39,0
DA:40,0
DA:42,0
DA:47,0
DA:50,0
DA:55,0
DA:59,0
DA:61,0
DA:64,0
DA:67,0
DA:68,0
DA:77,0
DA:78,0
DA:79,0
DA:82,0
DA:83,0
DA:86,0
DA:90,0
DA:91,0
DA:94,0
DA:96,0
DA:109,0
DA:113,0
DA:115,0
DA:116,0
DA:118,0
DA:177,0
DA:180,0
DA:183,0
LF:38
LH:0
BRDA:32,0,0,0
BRDA:32,0,1,0
BRDA:40,1,0,0
BRDA:40,1,1,0
BRDA:90,2,0,0
BRDA:90,2,1,0
BRDA:115,3,0,0
BRDA:115,3,1,0
BRF:8
BRH:0
end_of_record
TN:
SF:src\middleware\adminMiddleware.js
FNF:0
FNH:0
LF:0
LH:0
BRF:0
BRH:0
end_of_record
TN:
SF:src\middleware\authMiddleware.js
FN:17,(anonymous_0)
FN:78,(anonymous_1)
FN:81,(anonymous_2)
FN:100,(anonymous_3)
FN:103,(anonymous_4)
FN:122,(anonymous_5)
FN:123,(anonymous_6)
FN:126,(anonymous_7)
FN:146,(anonymous_8)
FN:149,(anonymous_9)
FN:170,(anonymous_10)
FN:187,(anonymous_11)
FN:194,(anonymous_12)
FN:202,(anonymous_13)
FN:239,(anonymous_14)
FN:242,(anonymous_15)
FN:249,(anonymous_16)
FNF:17
FNH:0
FNDA:0,(anonymous_0)
FNDA:0,(anonymous_1)
FNDA:0,(anonymous_2)
FNDA:0,(anonymous_3)
FNDA:0,(anonymous_4)
FNDA:0,(anonymous_5)
FNDA:0,(anonymous_6)
FNDA:0,(anonymous_7)
FNDA:0,(anonymous_8)
FNDA:0,(anonymous_9)
FNDA:0,(anonymous_10)
FNDA:0,(anonymous_11)
FNDA:0,(anonymous_12)
FNDA:0,(anonymous_13)
FNDA:0,(anonymous_14)
FNDA:0,(anonymous_15)
FNDA:0,(anonymous_16)
DA:18,0
DA:20,0
DA:22,0
DA:23,0
DA:27,0
DA:29,0
DA:30,0
DA:33,0
DA:35,0
DA:36,0
DA:40,0
DA:43,0
DA:44,0
DA:48,0
DA:49,0
DA:52,0
DA:53,0
DA:57,0
DA:58,0
DA:60,0
DA:62,0
DA:63,0
DA:66,0
DA:67,0
DA:70,0
DA:71,0
DA:79,0
DA:81,0
DA:82,0
DA:86,0
DA:87,0
DA:90,0
DA:92,0
DA:93,0
DA:101,0
DA:103,0
DA:104,0
DA:108,0
DA:109,0
DA:112,0
DA:114,0
DA:115,0
DA:123,0
DA:124,0
DA:126,0
DA:127,0
DA:131,0
DA:132,0
DA:135,0
DA:137,0
DA:138,0
DA:147,0
DA:149,0
DA:150,0
DA:153,0
DA:156,0
DA:157,0
DA:160,0
DA:162,0
DA:163,0
DA:171,0
DA:188,0
DA:195,0
DA:196,0
DA:203,0
DA:204,0
DA:206,0
DA:207,0
DA:210,0
DA:212,0
DA:213,0
DA:216,0
DA:217,0
DA:219,0
DA:220,0
DA:224,0
DA:225,0
DA:226,0
DA:229,0
DA:232,0
DA:240,0
DA:242,0
DA:243,0
DA:244,0
DA:245,0
DA:248,0
DA:249,0
DA:251,0
DA:254,0
DA:256,0
DA:257,0
DA:260,0
DA:261,0
LF:93
LH:0
BRDA:22,0,0,0
BRDA:22,0,1,0
BRDA:29,1,0,0
BRDA:29,1,1,0
BRDA:35,2,0,0
BRDA:35,2,1,0
BRDA:48,3,0,0
BRDA:48,3,1,0
BRDA:52,4,0,0
BRDA:52,4,1,0
BRDA:62,5,0,0
BRDA:62,5,1,0
BRDA:66,6,0,0
BRDA:66,6,1,0
BRDA:82,7,0,0
BRDA:82,7,1,0
BRDA:86,8,0,0
BRDA:86,8,1,0
BRDA:104,9,0,0
BRDA:104,9,1,0
BRDA:108,10,0,0
BRDA:108,10,1,0
BRDA:127,11,0,0
BRDA:127,11,1,0
BRDA:131,12,0,0
BRDA:131,12,1,0
BRDA:150,13,0,0
BRDA:150,13,1,0
BRDA:153,14,0,0
BRDA:153,14,1,0
BRDA:156,15,0,0
BRDA:156,15,1,0
BRDA:156,16,0,0
BRDA:156,16,1,0
BRDA:170,17,0,0
BRDA:179,18,0,0
BRDA:179,18,1,0
BRDA:206,19,0,0
BRDA:206,19,1,0
BRDA:212,20,0,0
BRDA:212,20,1,0
BRDA:212,21,0,0
BRDA:212,21,1,0
BRDA:224,22,0,0
BRDA:224,22,1,0
BRDA:224,23,0,0
BRDA:224,23,1,0
BRDA:239,24,0,0
BRDA:239,25,0,0
BRDA:243,26,0,0
BRDA:243,26,1,0
BRDA:248,27,0,0
BRDA:248,27,1,0
BRDA:256,28,0,0
BRDA:256,28,1,0
BRF:55
BRH:0
end_of_record
TN:
SF:src\middleware\errorHandler.js
FN:14,(anonymous_0)
FN:15,(anonymous_1)
FN:23,(anonymous_2)
FN:26,(anonymous_3)
FN:33,(anonymous_4)
FN:52,(anonymous_5)
FN:53,(anonymous_6)
FN:54,(anonymous_7)
FN:60,(anonymous_8)
FN:68,(anonymous_9)
FN:69,(anonymous_10)
FN:81,(anonymous_11)
FN:82,(anonymous_12)
FN:97,(anonymous_13)
FN:100,(anonymous_14)
FN:111,(anonymous_15)
FN:124,(anonymous_16)
FN:225,(anonymous_17)
FN:235,(anonymous_18)
FN:245,(anonymous_19)
FN:246,(anonymous_20)
FN:247,(anonymous_21)
FN:256,(anonymous_22)
FN:267,(anonymous_23)
FN:270,(anonymous_24)
FN:283,(anonymous_25)
FN:284,(anonymous_26)
FN:301,(anonymous_27)
FN:302,(anonymous_28)
FNF:29
FNH:0
FNDA:0,(anonymous_0)
FNDA:0,(anonymous_1)
FNDA:0,(anonymous_2)
FNDA:0,(anonymous_3)
FNDA:0,(anonymous_4)
FNDA:0,(anonymous_5)
FNDA:0,(anonymous_6)
FNDA:0,(anonymous_7)
FNDA:0,(anonymous_8)
FNDA:0,(anonymous_9)
FNDA:0,(anonymous_10)
FNDA:0,(anonymous_11)
FNDA:0,(anonymous_12)
FNDA:0,(anonymous_13)
FNDA:0,(anonymous_14)
FNDA:0,(anonymous_15)
FNDA:0,(anonymous_16)
FNDA:0,(anonymous_17)
FNDA:0,(anonymous_18)
FNDA:0,(anonymous_19)
FNDA:0,(anonymous_20)
FNDA:0,(anonymous_21)
FNDA:0,(anonymous_22)
FNDA:0,(anonymous_23)
FNDA:0,(anonymous_24)
FNDA:0,(anonymous_25)
FNDA:0,(anonymous_26)
FNDA:0,(anonymous_27)
FNDA:0,(anonymous_28)
DA:15,0
DA:16,0
DA:24,0
DA:26,0
DA:27,0
DA:28,0
DA:29,0
DA:32,0
DA:33,0
DA:35,0
DA:38,0
DA:40,0
DA:41,0
DA:44,0
DA:45,0
DA:53,0
DA:54,0
DA:55,0
DA:56,0
DA:60,0
DA:61,0
DA:69,0
DA:70,0
DA:71,0
DA:72,0
DA:73,0
DA:74,0
DA:82,0
DA:83,0
DA:84,0
DA:85,0
DA:87,0
DA:88,0
DA:90,0
DA:98,0
DA:100,0
DA:101,0
DA:102,0
DA:105,0
DA:112,0
DA:123,0
DA:124,0
DA:130,0
DA:138,0
DA:139,0
DA:140,0
DA:142,0
DA:146,0
DA:147,0
DA:154,0
DA:155,0
DA:162,0
DA:163,0
DA:170,0
DA:171,0
DA:174,0
DA:175,0
DA:179,0
DA:180,0
DA:184,0
DA:185,0
DA:189,0
DA:190,0
DA:194,0
DA:195,0
DA:199,0
DA:200,0
DA:204,0
DA:205,0
DA:208,0
DA:209,0
DA:213,0
DA:215,0
DA:226,0
DA:236,0
DA:246,0
DA:247,0
DA:248,0
DA:249,0
DA:256,0
DA:257,0
DA:260,0
DA:268,0
DA:270,0
DA:271,0
DA:272,0
DA:274,0
DA:277,0
DA:284,0
DA:285,0
DA:286,0
DA:287,0
DA:288,0
DA:290,0
DA:291,0
DA:294,0
DA:302,0
DA:304,0
DA:307,0
DA:308,0
DA:309,0
DA:310,0
DA:313,0
DA:315,0
LF:104
LH:0
BRDA:23,0,0,0
BRDA:23,1,0,0
BRDA:32,2,0,0
BRDA:32,2,1,0
BRDA:40,3,0,0
BRDA:40,3,1,0
BRDA:52,4,0,0
BRDA:55,5,0,0
BRDA:55,5,1,0
BRDA:87,6,0,0
BRDA:87,6,1,0
BRDA:123,7,0,0
BRDA:123,7,1,0
BRDA:138,8,0,0
BRDA:138,8,1,0
BRDA:139,9,0,0
BRDA:139,9,1,0
BRDA:146,10,0,0
BRDA:146,10,1,0
BRDA:154,11,0,0
BRDA:154,11,1,0
BRDA:162,12,0,0
BRDA:162,12,1,0
BRDA:170,13,0,0
BRDA:170,13,1,0
BRDA:174,14,0,0
BRDA:174,14,1,0
BRDA:179,15,0,0
BRDA:179,15,1,0
BRDA:184,16,0,0
BRDA:184,16,1,0
BRDA:189,17,0,0
BRDA:189,17,1,0
BRDA:194,18,0,0
BRDA:194,18,1,0
BRDA:199,19,0,0
BRDA:199,19,1,0
BRDA:199,20,0,0
BRDA:199,20,1,0
BRDA:199,20,2,0
BRDA:204,21,0,0
BRDA:204,21,1,0
BRDA:208,22,0,0
BRDA:208,22,1,0
BRDA:218,23,0,0
BRDA:218,23,1,0
BRDA:245,24,0,0
BRDA:248,25,0,0
BRDA:248,25,1,0
BRDA:272,26,0,0
BRDA:272,26,1,0
BRDA:285,27,0,0
BRDA:285,27,1,0
BRDA:290,28,0,0
BRDA:290,28,1,0
BRF:55
BRH:0
end_of_record
TN:
SF:src\model\Address.js
FN:172,(anonymous_0)
FN:191,(anonymous_1)
FN:208,(anonymous_2)
FNF:3
FNH:0
FNDA:0,(anonymous_0)
FNDA:0,(anonymous_1)
FNDA:0,(anonymous_2)
DA:11,0
DA:174,0
DA:175,0
DA:179,0
DA:180,0
DA:185,0
DA:192,0
DA:194,0
DA:203,0
DA:204,0
DA:208,0
LF:11
LH:0
BRDA:174,0,0,0
BRDA:174,0,1,0
BRDA:179,1,0,0
BRDA:179,1,1,0
BRDA:185,2,0,0
BRDA:185,2,1,0
BRDA:185,3,0,0
BRDA:185,3,1,0
BRDA:192,4,0,0
BRDA:192,4,1,0
BRDA:192,5,0,0
BRDA:192,5,1,0
BRDA:203,6,0,0
BRDA:203,6,1,0
BRF:14
BRH:0
end_of_record
TN:
SF:src\model\Books.js
FN:265,(anonymous_0)
FN:272,(anonymous_1)
FNF:2
FNH:0
FNDA:0,(anonymous_0)
FNDA:0,(anonymous_1)
DA:11,0
DA:266,0
DA:267,0
LF:3
LH:0
BRDA:266,0,0,0
BRDA:266,0,1,0
BRDA:266,1,0,0
BRDA:266,1,1,0
BRF:4
BRH:0
end_of_record
TN:
SF:src\model\CardsSaved.js
FNF:0
FNH:0
LF:0
LH:0
BRF:0
BRH:0
end_of_record
TN:
SF:src\model\Cart.js
FNF:0
FNH:0
LF:0
LH:0
BRF:0
BRH:0
end_of_record
TN:
SF:src\model\NF.js
FNF:0
FNH:0
LF:0
LH:0
BRF:0
BRH:0
end_of_record
TN:
SF:src\model\PurchaseItems.js
FN:167,(anonymous_0)
FN:185,(anonymous_1)
FN:203,(anonymous_2)
FNF:3
FNH:0
FNDA:0,(anonymous_0)
FNDA:0,(anonymous_1)
FNDA:0,(anonymous_2)
DA:11,0
DA:169,0
DA:170,0
DA:174,0
DA:175,0
DA:179,0
DA:180,0
DA:187,0
DA:190,0
DA:196,0
DA:205,0
DA:206,0
DA:210,0
DA:211,0
LF:14
LH:0
BRDA:169,0,0,0
BRDA:169,0,1,0
BRDA:169,1,0,0
BRDA:169,1,1,0
BRDA:174,2,0,0
BRDA:174,2,1,0
BRDA:174,3,0,0
BRDA:174,3,1,0
BRDA:179,4,0,0
BRDA:179,4,1,0
BRDA:205,5,0,0
BRDA:205,5,1,0
BRDA:205,6,0,0
BRDA:205,6,1,0
BRDA:210,7,0,0
BRDA:210,7,1,0
BRDA:210,8,0,0
BRDA:210,8,1,0
BRF:18
BRH:0
end_of_record
TN:
SF:src\model\Purchases.js
FN:247,(anonymous_0)
FN:262,(anonymous_1)
FN:275,(anonymous_2)
FNF:3
FNH:0
FNDA:0,(anonymous_0)
FNDA:0,(anonymous_1)
FNDA:0,(anonymous_2)
DA:11,0
DA:248,0
DA:249,0
DA:250,0
DA:251,0
DA:252,0
DA:253,0
DA:254,0
DA:255,0
DA:257,0
DA:264,0
DA:265,0
DA:269,0
DA:270,0
DA:277,0
DA:278,0
DA:282,0
DA:283,0
DA:287,0
DA:288,0
DA:292,0
DA:293,0
LF:22
LH:0
BRDA:248,0,0,0
BRDA:248,0,1,0
BRDA:264,1,0,0
BRDA:264,1,1,0
BRDA:264,2,0,0
BRDA:264,2,1,0
BRDA:264,2,2,0
BRDA:269,3,0,0
BRDA:269,3,1,0
BRDA:277,4,0,0
BRDA:277,4,1,0
BRDA:277,5,0,0
BRDA:277,5,1,0
BRDA:282,6,0,0
BRDA:282,6,1,0
BRDA:282,7,0,0
BRDA:282,7,1,0
BRDA:287,8,0,0
BRDA:287,8,1,0
BRDA:287,9,0,0
BRDA:287,9,1,0
BRDA:292,10,0,0
BRDA:292,10,1,0
BRDA:292,11,0,0
BRDA:292,11,1,0
BRF:25
BRH:0
end_of_record
TN:
SF:src\model\SyncKeys.js
FNF:0
FNH:0
LF:0
LH:0
BRF:0
BRH:0
end_of_record
TN:
SF:src\model\User.js
FN:247,(anonymous_0)
FN:260,(anonymous_1)
FN:270,(anonymous_2)
FNF:3
FNH:0
FNDA:0,(anonymous_0)
FNDA:0,(anonymous_1)
FNDA:0,(anonymous_2)
DA:11,0
DA:249,0
DA:250,0
DA:254,0
DA:255,0
DA:259,0
DA:260,0
DA:264,0
DA:265,0
LF:9
LH:0
BRDA:249,0,0,0
BRDA:249,0,1,0
BRDA:254,1,0,0
BRDA:254,1,1,0
BRDA:259,2,0,0
BRDA:259,2,1,0
BRDA:264,3,0,0
BRDA:264,3,1,0
BRF:8
BRH:0
end_of_record
TN:
SF:src\model\associations.js
FN:15,defineAssociations
FNF:1
FNH:0
FNDA:0,defineAssociations
DA:16,0
DA:21,0
DA:29,0
DA:35,0
DA:43,0
DA:51,0
DA:57,0
DA:63,0
DA:71,0
DA:79,0
DA:85,0
DA:93,0
DA:101,0
DA:108,0
LF:14
LH:0
BRF:0
BRH:0
end_of_record
TN:
SF:src\model\blog\blog.js
FNF:0
FNH:0
LF:0
LH:0
BRF:0
BRH:0
end_of_record
TN:
SF:src\model\blog\commentary.js
FNF:0
FNH:0
LF:0
LH:0
BRF:0
BRH:0
end_of_record
TN:
SF:src\routes\addressRoutes.js
FNF:0
FNH:0
DA:13,0
DA:14,0
DA:23,0
DA:33,0
DA:43,0
DA:53,0
DA:63,0
DA:73,0
DA:83,0
DA:95,0
DA:106,0
DA:117,0
DA:128,0
DA:139,0
DA:150,0
DA:163,0
DA:174,0
DA:185,0
DA:196,0
LF:19
LH:0
BRF:0
BRH:0
end_of_record
TN:
SF:src\routes\authRoutes.js
FNF:0
FNH:0
DA:13,0
DA:14,0
DA:80,0
DA:141,0
DA:150,0
DA:159,0
DA:168,0
DA:177,0
DA:186,0
DA:233,0
DA:243,0
DA:253,0
DA:263,0
DA:275,0
DA:286,0
LF:15
LH:0
BRF:0
BRH:0
end_of_record
TN:
SF:src\routes\bookRoutes.js
FNF:0
FNH:0
DA:13,0
DA:14,0
DA:23,0
DA:32,0
DA:41,0
DA:50,0
DA:59,0
DA:68,0
DA:77,0
DA:86,0
DA:95,0
DA:106,0
DA:118,0
DA:129,0
DA:140,0
DA:151,0
DA:162,0
DA:175,0
DA:186,0
DA:197,0
LF:20
LH:0
BRF:0
BRH:0
end_of_record
TN:
SF:src\routes\emailRoutes.js
FNF:0
FNH:0
DA:13,0
DA:14,0
DA:31,0
DA:46,0
DA:67,0
DA:110,0
DA:131,0
DA:163,0
DA:193,0
DA:233,0
LF:10
LH:0
BRF:0
BRH:0
end_of_record
TN:
SF:src\routes\purchaseRoutes.js
FNF:0
FNH:0
DA:13,0
DA:14,0
DA:23,0
DA:33,0
DA:43,0
DA:55,0
DA:66,0
DA:77,0
DA:88,0
DA:99,0
DA:112,0
DA:125,0
DA:136,0
DA:149,0
DA:160,0
DA:171,0
LF:16
LH:0
BRF:0
BRH:0
end_of_record
TN:
SF:src\routes\userRoutes.js
FNF:0
FNH:0
DA:13,0
DA:14,0
DA:23,0
DA:34,0
DA:45,0
DA:56,0
DA:67,0
DA:80,0
DA:91,0
DA:102,0
DA:115,0
DA:126,0
DA:139,0
DA:150,0
DA:163,0
DA:174,0
DA:185,0
LF:17
LH:0
BRF:0
BRH:0
end_of_record
TN:
SF:src\services\dashboardService.js
FN:12,(anonymous_0)
FN:22,(anonymous_1)
FN:106,(anonymous_2)
FN:143,(anonymous_3)
FN:163,(anonymous_4)
FN:164,(anonymous_5)
FN:180,(anonymous_6)
FN:209,(anonymous_7)
FN:241,(anonymous_8)
FN:276,(anonymous_9)
FN:345,(anonymous_10)
FNF:11
FNH:0
FNDA:0,(anonymous_0)
FNDA:0,(anonymous_1)
FNDA:0,(anonymous_2)
FNDA:0,(anonymous_3)
FNDA:0,(anonymous_4)
FNDA:0,(anonymous_5)
FNDA:0,(anonymous_6)
FNDA:0,(anonymous_7)
FNDA:0,(anonymous_8)
FNDA:0,(anonymous_9)
FNDA:0,(anonymous_10)
DA:13,0
DA:14,0
DA:15,0
DA:16,0
DA:23,0
DA:33,0
DA:80,0
DA:95,0
DA:96,0
DA:107,0
DA:109,0
DA:111,0
DA:113,0
DA:114,0
DA:116,0
DA:117,0
DA:119,0
DA:120,0
DA:122,0
DA:123,0
DA:125,0
DA:128,0
DA:142,0
DA:143,0
DA:144,0
DA:145,0
DA:146,0
DA:152,0
DA:153,0
DA:156,0
DA:158,0
DA:163,0
DA:164,0
DA:169,0
DA:170,0
DA:181,0
DA:182,0
DA:192,0
DA:198,0
DA:199,0
DA:210,0
DA:211,0
DA:224,0
DA:230,0
DA:231,0
DA:242,0
DA:243,0
DA:259,0
DA:265,0
DA:266,0
DA:277,0
DA:284,0
DA:322,0
DA:334,0
DA:335,0
DA:346,0
DA:354,0
DA:400,0
DA:413,0
DA:414,0
LF:60
LH:0
BRDA:83,0,0,0
BRDA:83,0,1,0
BRDA:84,1,0,0
BRDA:84,1,1,0
BRDA:85,2,0,0
BRDA:85,2,1,0
BRDA:86,3,0,0
BRDA:86,3,1,0
BRDA:87,4,0,0
BRDA:87,4,1,0
BRDA:88,5,0,0
BRDA:88,5,1,0
BRDA:89,6,0,0
BRDA:89,6,1,0
BRDA:90,7,0,0
BRDA:90,7,1,0
BRDA:106,8,0,0
BRDA:111,9,0,0
BRDA:111,9,1,0
BRDA:111,9,2,0
BRDA:111,9,3,0
BRDA:111,9,4,0
BRDA:145,10,0,0
BRDA:145,10,1,0
BRDA:180,11,0,0
BRDA:209,12,0,0
BRDA:241,13,0,0
BRDA:325,14,0,0
BRDA:325,14,1,0
BRDA:326,15,0,0
BRDA:326,15,1,0
BRDA:327,16,0,0
BRDA:327,16,1,0
BRDA:328,17,0,0
BRDA:328,17,1,0
BRDA:329,18,0,0
BRDA:329,18,1,0
BRDA:403,19,0,0
BRDA:403,19,1,0
BRDA:404,20,0,0
BRDA:404,20,1,0
BRDA:405,21,0,0
BRDA:405,21,1,0
BRDA:406,22,0,0
BRDA:406,22,1,0
BRDA:407,23,0,0
BRDA:407,23,1,0
BRDA:408,24,0,0
BRDA:408,24,1,0
BRF:49
BRH:0
end_of_record
TN:
SF:src\services\emailService.js
FN:22,(anonymous_0)
FN:37,(anonymous_1)
FN:85,(anonymous_2)
FN:89,(anonymous_3)
FN:111,(anonymous_4)
FN:118,(anonymous_5)
FN:130,(anonymous_6)
FN:157,(anonymous_7)
FN:173,(anonymous_8)
FN:189,(anonymous_9)
FN:205,(anonymous_10)
FN:225,(anonymous_11)
FN:253,(anonymous_12)
FN:261,(anonymous_13)
FN:281,(anonymous_14)
FN:293,(anonymous_15)
FN:302,(anonymous_16)
FNF:17
FNH:0
FNDA:0,(anonymous_0)
FNDA:0,(anonymous_1)
FNDA:0,(anonymous_2)
FNDA:0,(anonymous_3)
FNDA:0,(anonymous_4)
FNDA:0,(anonymous_5)
FNDA:0,(anonymous_6)
FNDA:0,(anonymous_7)
FNDA:0,(anonymous_8)
FNDA:0,(anonymous_9)
FNDA:0,(anonymous_10)
FNDA:0,(anonymous_11)
FNDA:0,(anonymous_12)
FNDA:0,(anonymous_13)
FNDA:0,(anonymous_14)
FNDA:0,(anonymous_15)
FNDA:0,(anonymous_16)
DA:18,0
DA:19,0
DA:23,0
DA:24,0
DA:25,0
DA:26,0
DA:27,0
DA:38,0
DA:40,0
DA:54,0
DA:65,0
DA:68,0
DA:70,0
DA:71,0
DA:74,0
DA:77,0
DA:78,0
DA:86,0
DA:87,0
DA:89,0
DA:90,0
DA:91,0
DA:93,0
DA:94,0
DA:101,0
DA:102,0
DA:105,0
DA:106,0
DA:109,0
DA:110,0
DA:111,0
DA:112,0
DA:118,0
DA:121,0
DA:124,0
DA:131,0
DA:132,0
DA:135,0
DA:145,0
DA:146,0
DA:149,0
DA:151,0
DA:158,0
DA:174,0
DA:190,0
DA:206,0
DA:226,0
DA:235,0
DA:254,0
DA:256,0
DA:257,0
DA:258,0
DA:261,0
DA:262,0
DA:275,0
DA:282,0
DA:294,0
DA:295,0
DA:296,0
DA:303,0
DA:304,0
DA:307,0
DA:308,0
DA:309,0
DA:311,0
DA:317,0
LF:66
LH:0
BRDA:41,0,0,0
BRDA:41,0,1,0
BRDA:42,1,0,0
BRDA:42,1,1,0
BRDA:86,2,0,0
BRDA:86,2,1,0
BRDA:109,3,0,0
BRDA:109,3,1,0
BRDA:110,4,0,0
BRDA:110,4,1,0
BRDA:131,5,0,0
BRDA:131,5,1,0
BRDA:139,6,0,0
BRDA:139,6,1,0
BRDA:215,7,0,0
BRDA:215,7,1,0
BRDA:216,8,0,0
BRDA:216,8,1,0
BRDA:243,9,0,0
BRDA:243,9,1,0
BRDA:244,10,0,0
BRDA:244,10,1,0
BRDA:253,11,0,0
BRDA:254,12,0,0
BRDA:254,12,1,0
BRDA:256,13,0,0
BRDA:256,13,1,0
BRDA:303,14,0,0
BRDA:303,14,1,0
BRF:29
BRH:0
end_of_record
TN:
SF:src\services\searchService.js
FN:12,(anonymous_0)
FN:19,(anonymous_1)
FN:137,(anonymous_2)
FN:170,(anonymous_3)
FN:202,(anonymous_4)
FN:235,(anonymous_5)
FN:282,(anonymous_6)
FN:294,(anonymous_7)
FN:309,(anonymous_8)
FN:321,(anonymous_9)
FNF:10
FNH:0
FNDA:0,(anonymous_0)
FNDA:0,(anonymous_1)
FNDA:0,(anonymous_2)
FNDA:0,(anonymous_3)
FNDA:0,(anonymous_4)
FNDA:0,(anonymous_5)
FNDA:0,(anonymous_6)
FNDA:0,(anonymous_7)
FNDA:0,(anonymous_8)
FNDA:0,(anonymous_9)
DA:13,0
DA:20,0
DA:32,0
DA:37,0
DA:40,0
DA:45,0
DA:46,0
DA:55,0
DA:56,0
DA:60,0
DA:61,0
DA:65,0
DA:66,0
DA:67,0
DA:68,0
DA:70,0
DA:71,0
DA:76,0
DA:79,0
DA:82,0
DA:96,0
DA:97,0
DA:98,0
DA:100,0
DA:126,0
DA:127,0
DA:138,0
DA:139,0
DA:153,0
DA:159,0
DA:160,0
DA:171,0
DA:172,0
DA:185,0
DA:191,0
DA:192,0
DA:203,0
DA:204,0
DA:218,0
DA:224,0
DA:225,0
DA:236,0
DA:238,0
DA:239,0
DA:240,0
DA:247,0
DA:265,0
DA:271,0
DA:272,0
DA:283,0
DA:284,0
DA:292,0
DA:294,0
DA:298,0
DA:299,0
DA:310,0
DA:311,0
DA:319,0
DA:321,0
DA:325,0
DA:326,0
LF:61
LH:0
BRDA:19,0,0,0
BRDA:19,1,0,0
BRDA:22,2,0,0
BRDA:23,3,0,0
BRDA:24,4,0,0
BRDA:25,5,0,0
BRDA:26,6,0,0
BRDA:27,7,0,0
BRDA:28,8,0,0
BRDA:29,9,0,0
BRDA:30,10,0,0
BRDA:31,11,0,0
BRDA:35,12,0,0
BRDA:36,13,0,0
BRDA:45,14,0,0
BRDA:45,14,1,0
BRDA:55,15,0,0
BRDA:55,15,1,0
BRDA:60,16,0,0
BRDA:60,16,1,0
BRDA:65,17,0,0
BRDA:65,17,1,0
BRDA:65,18,0,0
BRDA:65,18,1,0
BRDA:67,19,0,0
BRDA:67,19,1,0
BRDA:70,20,0,0
BRDA:70,20,1,0
BRDA:137,21,0,0
BRDA:170,22,0,0
BRDA:202,23,0,0
BRDA:235,24,0,0
BRDA:239,25,0,0
BRDA:239,25,1,0
BRF:34
BRH:0
end_of_record
TN:
SF:src\utils\responseHandler.js
FN:12,(anonymous_0)
FN:25,(anonymous_1)
FN:38,(anonymous_2)
FN:45,(anonymous_3)
FN:58,(anonymous_4)
FN:70,(anonymous_5)
FN:82,(anonymous_6)
FN:94,(anonymous_7)
FN:106,(anonymous_8)
FN:119,(anonymous_9)
FN:132,(anonymous_10)
FN:144,(anonymous_11)
FN:156,(anonymous_12)
FNF:13
FNH:0
FNDA:0,(anonymous_0)
FNDA:0,(anonymous_1)
FNDA:0,(anonymous_2)
FNDA:0,(anonymous_3)
FNDA:0,(anonymous_4)
FNDA:0,(anonymous_5)
FNDA:0,(anonymous_6)
FNDA:0,(anonymous_7)
FNDA:0,(anonymous_8)
FNDA:0,(anonymous_9)
FNDA:0,(anonymous_10)
FNDA:0,(anonymous_11)
FNDA:0,(anonymous_12)
DA:13,0
DA:26,0
DA:39,0
DA:46,0
DA:59,0
DA:71,0
DA:83,0
DA:95,0
DA:107,0
DA:120,0
DA:133,0
DA:145,0
DA:157,0
DA:158,0
DA:159,0
DA:161,0
LF:16
LH:0
BRDA:12,0,0,0
BRDA:12,1,0,0
BRDA:25,2,0,0
BRDA:25,3,0,0
BRDA:45,4,0,0
BRDA:45,5,0,0
BRDA:58,6,0,0
BRDA:70,7,0,0
BRDA:82,8,0,0
BRDA:94,9,0,0
BRDA:106,10,0,0
BRDA:106,11,0,0
BRDA:119,12,0,0
BRDA:119,13,0,0
BRDA:124,14,0,0
BRDA:124,14,1,0
BRDA:132,15,0,0
BRDA:144,16,0,0
BRF:18
BRH:0
end_of_record
TN:
SF:src\utils\validation.js
FN:14,(anonymous_0)
FN:24,(anonymous_1)
FN:34,(anonymous_2)
FN:73,(anonymous_3)
FN:86,(anonymous_4)
FN:99,(anonymous_5)
FN:117,(anonymous_6)
FN:127,(anonymous_7)
FN:137,(anonymous_8)
FN:147,(anonymous_9)
FN:157,(anonymous_10)
FN:167,(anonymous_11)
FN:177,(anonymous_12)
FN:187,(anonymous_13)
FN:197,(anonymous_14)
FN:210,(anonymous_15)
FN:224,(anonymous_16)
FN:256,(anonymous_17)
FN:257,(anonymous_18)
FNF:19
FNH:0
FNDA:0,(anonymous_0)
FNDA:0,(anonymous_1)
FNDA:0,(anonymous_2)
FNDA:0,(anonymous_3)
FNDA:0,(anonymous_4)
FNDA:0,(anonymous_5)
FNDA:0,(anonymous_6)
FNDA:0,(anonymous_7)
FNDA:0,(anonymous_8)
FNDA:0,(anonymous_9)
FNDA:0,(anonymous_10)
FNDA:0,(anonymous_11)
FNDA:0,(anonymous_12)
FNDA:0,(anonymous_13)
FNDA:0,(anonymous_14)
FNDA:0,(anonymous_15)
FNDA:0,(anonymous_16)
FNDA:0,(anonymous_17)
FNDA:0,(anonymous_18)
DA:15,0
DA:16,0
DA:18,0
DA:25,0
DA:26,0
DA:28,0
DA:35,0
DA:37,0
DA:39,0
DA:40,0
DA:44,0
DA:45,0
DA:49,0
DA:50,0
DA:51,0
DA:53,0
DA:54,0
DA:56,0
DA:57,0
DA:58,0
DA:60,0
DA:61,0
DA:63,0
DA:64,0
DA:67,0
DA:74,0
DA:75,0
DA:76,0
DA:77,0
DA:80,0
DA:87,0
DA:88,0
DA:89,0
DA:90,0
DA:93,0
DA:100,0
DA:101,0
DA:107,0
DA:108,0
DA:111,0
DA:118,0
DA:119,0
DA:121,0
DA:128,0
DA:129,0
DA:131,0
DA:138,0
DA:139,0
DA:141,0
DA:148,0
DA:149,0
DA:151,0
DA:158,0
DA:159,0
DA:161,0
DA:168,0
DA:169,0
DA:171,0
DA:178,0
DA:179,0
DA:181,0
DA:188,0
DA:189,0
DA:191,0
DA:198,0
DA:199,0
DA:200,0
DA:201,0
DA:204,0
DA:211,0
DA:212,0
DA:213,0
DA:215,0
DA:218,0
DA:225,0
DA:227,0
DA:228,0
DA:230,0
DA:231,0
DA:232,0
DA:233,0
DA:234,0
DA:235,0
DA:236,0
DA:237,0
DA:238,0
DA:241,0
DA:246,0
DA:247,0
DA:250,0
DA:257,0
DA:258,0
DA:259,0
DA:260,0
DA:261,0
DA:263,0
LF:96
LH:0
BRDA:15,0,0,0
BRDA:15,0,1,0
BRDA:15,1,0,0
BRDA:15,1,1,0
BRDA:15,1,2,0
BRDA:24,2,0,0
BRDA:25,3,0,0
BRDA:25,3,1,0
BRDA:25,4,0,0
BRDA:25,4,1,0
BRDA:34,5,0,0
BRDA:35,6,0,0
BRDA:35,6,1,0
BRDA:39,7,0,0
BRDA:39,7,1,0
BRDA:44,8,0,0
BRDA:44,8,1,0
BRDA:54,9,0,0
BRDA:54,9,1,0
BRDA:61,10,0,0
BRDA:61,10,1,0
BRDA:63,11,0,0
BRDA:63,11,1,0
BRDA:63,12,0,0
BRDA:63,12,1,0
BRDA:73,13,0,0
BRDA:74,14,0,0
BRDA:74,14,1,0
BRDA:76,15,0,0
BRDA:76,15,1,0
BRDA:76,16,0,0
BRDA:76,16,1,0
BRDA:86,17,0,0
BRDA:87,18,0,0
BRDA:87,18,1,0
BRDA:89,19,0,0
BRDA:89,19,1,0
BRDA:99,20,0,0
BRDA:100,21,0,0
BRDA:100,21,1,0
BRDA:107,22,0,0
BRDA:107,22,1,0
BRDA:118,23,0,0
BRDA:118,23,1,0
BRDA:118,24,0,0
BRDA:118,24,1,0
BRDA:128,25,0,0
BRDA:128,25,1,0
BRDA:128,26,0,0
BRDA:128,26,1,0
BRDA:138,27,0,0
BRDA:138,27,1,0
BRDA:138,28,0,0
BRDA:138,28,1,0
BRDA:138,28,2,0
BRDA:148,29,0,0
BRDA:148,29,1,0
BRDA:148,30,0,0
BRDA:148,30,1,0
BRDA:148,30,2,0
BRDA:158,31,0,0
BRDA:158,31,1,0
BRDA:158,32,0,0
BRDA:158,32,1,0
BRDA:158,32,2,0
BRDA:168,33,0,0
BRDA:168,33,1,0
BRDA:168,34,0,0
BRDA:168,34,1,0
BRDA:168,34,2,0
BRDA:178,35,0,0
BRDA:178,35,1,0
BRDA:178,36,0,0
BRDA:178,36,1,0
BRDA:178,36,2,0
BRDA:188,37,0,0
BRDA:188,37,1,0
BRDA:188,38,0,0
BRDA:188,38,1,0
BRDA:197,39,0,0
BRDA:198,40,0,0
BRDA:198,40,1,0
BRDA:200,41,0,0
BRDA:200,41,1,0
BRDA:210,42,0,0
BRDA:211,43,0,0
BRDA:211,43,1,0
BRDA:232,44,0,0
BRDA:232,44,1,0
BRDA:234,45,0,0
BRDA:234,45,1,0
BRDA:236,46,0,0
BRDA:236,46,1,0
BRDA:246,47,0,0
BRDA:246,47,1,0
BRF:95
BRH:0
end_of_record
